{"/home/abood/Project/Website_for_Lazward_Dental_Clinic/controllers/auth.controller.js": {"path":"/home/abood/Project/Website_for_Lazward_Dental_Clinic/controllers/auth.controller.js","statementMap":{"0":{"start":{"line":1,"column":20},"end":{"line":1,"column":55}},"1":{"start":{"line":3,"column":0},"end":{"line":19,"column":2}},"2":{"start":{"line":4,"column":2},"end":{"line":18,"column":3}},"3":{"start":{"line":5,"column":18},"end":{"line":5,"column":54}},"4":{"start":{"line":6,"column":4},"end":{"line":11,"column":7}},"5":{"start":{"line":12,"column":4},"end":{"line":12,"column":84}},"6":{"start":{"line":14,"column":4},"end":{"line":16,"column":5}},"7":{"start":{"line":15,"column":6},"end":{"line":15,"column":62}},"8":{"start":{"line":17,"column":4},"end":{"line":17,"column":16}},"9":{"start":{"line":21,"column":0},"end":{"line":38,"column":2}},"10":{"start":{"line":22,"column":2},"end":{"line":37,"column":3}},"11":{"start":{"line":23,"column":32},"end":{"line":23,"column":40}},"12":{"start":{"line":24,"column":18},"end":{"line":24,"column":58}},"13":{"start":{"line":25,"column":4},"end":{"line":30,"column":7}},"14":{"start":{"line":31,"column":4},"end":{"line":31,"column":83}},"15":{"start":{"line":33,"column":4},"end":{"line":35,"column":5}},"16":{"start":{"line":34,"column":6},"end":{"line":34,"column":62}},"17":{"start":{"line":36,"column":4},"end":{"line":36,"column":16}},"18":{"start":{"line":40,"column":0},"end":{"line":47,"column":2}},"19":{"start":{"line":41,"column":2},"end":{"line":46,"column":3}},"20":{"start":{"line":42,"column":4},"end":{"line":42,"column":29}},"21":{"start":{"line":43,"column":4},"end":{"line":43,"column":84}},"22":{"start":{"line":45,"column":4},"end":{"line":45,"column":16}},"23":{"start":{"line":49,"column":0},"end":{"line":60,"column":2}},"24":{"start":{"line":50,"column":2},"end":{"line":59,"column":3}},"25":{"start":{"line":51,"column":25},"end":{"line":51,"column":78}},"26":{"start":{"line":52,"column":4},"end":{"line":52,"column":67}},"27":{"start":{"line":53,"column":4},"end":{"line":53,"column":81}},"28":{"start":{"line":55,"column":4},"end":{"line":57,"column":5}},"29":{"start":{"line":56,"column":6},"end":{"line":56,"column":62}},"30":{"start":{"line":58,"column":4},"end":{"line":58,"column":16}},"31":{"start":{"line":62,"column":0},"end":{"line":79,"column":2}},"32":{"start":{"line":63,"column":2},"end":{"line":78,"column":3}},"33":{"start":{"line":64,"column":32},"end":{"line":64,"column":40}},"34":{"start":{"line":65,"column":21},"end":{"line":65,"column":69}},"35":{"start":{"line":66,"column":4},"end":{"line":71,"column":7}},"36":{"start":{"line":72,"column":4},"end":{"line":72,"column":88}},"37":{"start":{"line":74,"column":4},"end":{"line":76,"column":5}},"38":{"start":{"line":75,"column":6},"end":{"line":75,"column":62}},"39":{"start":{"line":77,"column":4},"end":{"line":77,"column":16}},"40":{"start":{"line":81,"column":0},"end":{"line":88,"column":2}},"41":{"start":{"line":82,"column":2},"end":{"line":87,"column":3}},"42":{"start":{"line":83,"column":17},"end":{"line":83,"column":59}},"43":{"start":{"line":84,"column":4},"end":{"line":84,"column":64}},"44":{"start":{"line":86,"column":4},"end":{"line":86,"column":16}}},"fnMap":{"0":{"name":"(anonymous_0)","decl":{"start":{"line":3,"column":19},"end":{"line":3,"column":20}},"loc":{"start":{"line":3,"column":45},"end":{"line":19,"column":1}},"line":3},"1":{"name":"(anonymous_1)","decl":{"start":{"line":21,"column":16},"end":{"line":21,"column":17}},"loc":{"start":{"line":21,"column":42},"end":{"line":38,"column":1}},"line":21},"2":{"name":"(anonymous_2)","decl":{"start":{"line":40,"column":17},"end":{"line":40,"column":18}},"loc":{"start":{"line":40,"column":43},"end":{"line":47,"column":1}},"line":40},"3":{"name":"(anonymous_3)","decl":{"start":{"line":49,"column":25},"end":{"line":49,"column":26}},"loc":{"start":{"line":49,"column":51},"end":{"line":60,"column":1}},"line":49},"4":{"name":"(anonymous_4)","decl":{"start":{"line":62,"column":24},"end":{"line":62,"column":25}},"loc":{"start":{"line":62,"column":50},"end":{"line":79,"column":1}},"line":62},"5":{"name":"(anonymous_5)","decl":{"start":{"line":81,"column":16},"end":{"line":81,"column":17}},"loc":{"start":{"line":81,"column":42},"end":{"line":88,"column":1}},"line":81}},"branchMap":{"0":{"loc":{"start":{"line":14,"column":4},"end":{"line":16,"column":5}},"type":"if","locations":[{"start":{"line":14,"column":4},"end":{"line":16,"column":5}},{"start":{},"end":{}}],"line":14},"1":{"loc":{"start":{"line":33,"column":4},"end":{"line":35,"column":5}},"type":"if","locations":[{"start":{"line":33,"column":4},"end":{"line":35,"column":5}},{"start":{},"end":{}}],"line":33},"2":{"loc":{"start":{"line":55,"column":4},"end":{"line":57,"column":5}},"type":"if","locations":[{"start":{"line":55,"column":4},"end":{"line":57,"column":5}},{"start":{},"end":{}}],"line":55},"3":{"loc":{"start":{"line":74,"column":4},"end":{"line":76,"column":5}},"type":"if","locations":[{"start":{"line":74,"column":4},"end":{"line":76,"column":5}},{"start":{},"end":{}}],"line":74}},"s":{"0":3,"1":3,"2":1,"3":1,"4":1,"5":1,"6":0,"7":0,"8":0,"9":3,"10":0,"11":0,"12":0,"13":0,"14":0,"15":0,"16":0,"17":0,"18":3,"19":0,"20":0,"21":0,"22":0,"23":3,"24":0,"25":0,"26":0,"27":0,"28":0,"29":0,"30":0,"31":3,"32":0,"33":0,"34":0,"35":0,"36":0,"37":0,"38":0,"39":0,"40":3,"41":0,"42":0,"43":0,"44":0},"f":{"0":1,"1":0,"2":0,"3":0,"4":0,"5":0},"b":{"0":[0,0],"1":[0,0],"2":[0,0],"3":[0,0]},"_coverageSchema":"1a1c01bbd47fc00a2c39e90264f33305004495a9","hash":"7cf91b8a3dcb2f36881bed472519a0463c5cd99b"}
,"/home/abood/Project/Website_for_Lazward_Dental_Clinic/controllers/case.controller.js": {"path":"/home/abood/Project/Website_for_Lazward_Dental_Clinic/controllers/case.controller.js","statementMap":{"0":{"start":{"line":1,"column":20},"end":{"line":1,"column":55}},"1":{"start":{"line":3,"column":0},"end":{"line":13,"column":2}},"2":{"start":{"line":4,"column":2},"end":{"line":12,"column":3}},"3":{"start":{"line":5,"column":22},"end":{"line":5,"column":74}},"4":{"start":{"line":6,"column":4},"end":{"line":6,"column":69}},"5":{"start":{"line":8,"column":4},"end":{"line":10,"column":5}},"6":{"start":{"line":9,"column":6},"end":{"line":9,"column":62}},"7":{"start":{"line":11,"column":4},"end":{"line":11,"column":16}},"8":{"start":{"line":15,"column":0},"end":{"line":22,"column":2}},"9":{"start":{"line":16,"column":2},"end":{"line":21,"column":3}},"10":{"start":{"line":17,"column":18},"end":{"line":17,"column":54}},"11":{"start":{"line":18,"column":4},"end":{"line":18,"column":65}},"12":{"start":{"line":20,"column":4},"end":{"line":20,"column":16}},"13":{"start":{"line":24,"column":0},"end":{"line":34,"column":2}},"14":{"start":{"line":25,"column":2},"end":{"line":33,"column":3}},"15":{"start":{"line":26,"column":22},"end":{"line":26,"column":76}},"16":{"start":{"line":27,"column":4},"end":{"line":27,"column":69}},"17":{"start":{"line":29,"column":4},"end":{"line":31,"column":5}},"18":{"start":{"line":30,"column":6},"end":{"line":30,"column":62}},"19":{"start":{"line":32,"column":4},"end":{"line":32,"column":16}},"20":{"start":{"line":36,"column":0},"end":{"line":46,"column":2}},"21":{"start":{"line":37,"column":2},"end":{"line":45,"column":3}},"22":{"start":{"line":38,"column":22},"end":{"line":38,"column":85}},"23":{"start":{"line":39,"column":4},"end":{"line":39,"column":69}},"24":{"start":{"line":41,"column":4},"end":{"line":43,"column":5}},"25":{"start":{"line":42,"column":6},"end":{"line":42,"column":62}},"26":{"start":{"line":44,"column":4},"end":{"line":44,"column":16}},"27":{"start":{"line":48,"column":0},"end":{"line":66,"column":2}},"28":{"start":{"line":49,"column":2},"end":{"line":65,"column":3}},"29":{"start":{"line":50,"column":4},"end":{"line":52,"column":5}},"30":{"start":{"line":51,"column":6},"end":{"line":51,"column":68}},"31":{"start":{"line":55,"column":21},"end":{"line":55,"column":104}},"32":{"start":{"line":55,"column":43},"end":{"line":55,"column":103}},"33":{"start":{"line":58,"column":22},"end":{"line":58,"column":86}},"34":{"start":{"line":59,"column":4},"end":{"line":59,"column":69}},"35":{"start":{"line":61,"column":4},"end":{"line":63,"column":5}},"36":{"start":{"line":62,"column":6},"end":{"line":62,"column":62}},"37":{"start":{"line":64,"column":4},"end":{"line":64,"column":16}},"38":{"start":{"line":68,"column":0},"end":{"line":78,"column":2}},"39":{"start":{"line":69,"column":2},"end":{"line":77,"column":3}},"40":{"start":{"line":70,"column":22},"end":{"line":70,"column":94}},"41":{"start":{"line":71,"column":4},"end":{"line":71,"column":69}},"42":{"start":{"line":73,"column":4},"end":{"line":75,"column":5}},"43":{"start":{"line":74,"column":6},"end":{"line":74,"column":62}},"44":{"start":{"line":76,"column":4},"end":{"line":76,"column":16}},"45":{"start":{"line":80,"column":0},"end":{"line":90,"column":2}},"46":{"start":{"line":81,"column":3},"end":{"line":89,"column":5}},"47":{"start":{"line":82,"column":24},"end":{"line":82,"column":89}},"48":{"start":{"line":83,"column":6},"end":{"line":83,"column":71}},"49":{"start":{"line":85,"column":6},"end":{"line":87,"column":7}},"50":{"start":{"line":86,"column":8},"end":{"line":86,"column":64}},"51":{"start":{"line":88,"column":6},"end":{"line":88,"column":18}},"52":{"start":{"line":92,"column":0},"end":{"line":102,"column":2}},"53":{"start":{"line":93,"column":2},"end":{"line":101,"column":3}},"54":{"start":{"line":94,"column":22},"end":{"line":94,"column":78}},"55":{"start":{"line":95,"column":4},"end":{"line":95,"column":69}},"56":{"start":{"line":97,"column":4},"end":{"line":99,"column":5}},"57":{"start":{"line":98,"column":6},"end":{"line":98,"column":62}},"58":{"start":{"line":100,"column":4},"end":{"line":100,"column":16}},"59":{"start":{"line":104,"column":0},"end":{"line":114,"column":2}},"60":{"start":{"line":105,"column":2},"end":{"line":113,"column":3}},"61":{"start":{"line":106,"column":4},"end":{"line":106,"column":58}},"62":{"start":{"line":107,"column":4},"end":{"line":107,"column":86}},"63":{"start":{"line":109,"column":4},"end":{"line":111,"column":5}},"64":{"start":{"line":110,"column":6},"end":{"line":110,"column":62}},"65":{"start":{"line":112,"column":4},"end":{"line":112,"column":16}}},"fnMap":{"0":{"name":"(anonymous_0)","decl":{"start":{"line":3,"column":21},"end":{"line":3,"column":22}},"loc":{"start":{"line":3,"column":47},"end":{"line":13,"column":1}},"line":3},"1":{"name":"(anonymous_1)","decl":{"start":{"line":15,"column":19},"end":{"line":15,"column":20}},"loc":{"start":{"line":15,"column":45},"end":{"line":22,"column":1}},"line":15},"2":{"name":"(anonymous_2)","decl":{"start":{"line":24,"column":22},"end":{"line":24,"column":23}},"loc":{"start":{"line":24,"column":48},"end":{"line":34,"column":1}},"line":24},"3":{"name":"(anonymous_3)","decl":{"start":{"line":36,"column":21},"end":{"line":36,"column":22}},"loc":{"start":{"line":36,"column":47},"end":{"line":46,"column":1}},"line":36},"4":{"name":"(anonymous_4)","decl":{"start":{"line":48,"column":22},"end":{"line":48,"column":23}},"loc":{"start":{"line":48,"column":48},"end":{"line":66,"column":1}},"line":48},"5":{"name":"(anonymous_5)","decl":{"start":{"line":55,"column":35},"end":{"line":55,"column":36}},"loc":{"start":{"line":55,"column":43},"end":{"line":55,"column":103}},"line":55},"6":{"name":"(anonymous_6)","decl":{"start":{"line":68,"column":23},"end":{"line":68,"column":24}},"loc":{"start":{"line":68,"column":49},"end":{"line":78,"column":1}},"line":68},"7":{"name":"(anonymous_7)","decl":{"start":{"line":80,"column":21},"end":{"line":80,"column":22}},"loc":{"start":{"line":80,"column":47},"end":{"line":90,"column":1}},"line":80},"8":{"name":"(anonymous_8)","decl":{"start":{"line":92,"column":24},"end":{"line":92,"column":25}},"loc":{"start":{"line":92,"column":50},"end":{"line":102,"column":1}},"line":92},"9":{"name":"(anonymous_9)","decl":{"start":{"line":104,"column":21},"end":{"line":104,"column":22}},"loc":{"start":{"line":104,"column":47},"end":{"line":114,"column":1}},"line":104}},"branchMap":{"0":{"loc":{"start":{"line":8,"column":4},"end":{"line":10,"column":5}},"type":"if","locations":[{"start":{"line":8,"column":4},"end":{"line":10,"column":5}},{"start":{},"end":{}}],"line":8},"1":{"loc":{"start":{"line":29,"column":4},"end":{"line":31,"column":5}},"type":"if","locations":[{"start":{"line":29,"column":4},"end":{"line":31,"column":5}},{"start":{},"end":{}}],"line":29},"2":{"loc":{"start":{"line":41,"column":4},"end":{"line":43,"column":5}},"type":"if","locations":[{"start":{"line":41,"column":4},"end":{"line":43,"column":5}},{"start":{},"end":{}}],"line":41},"3":{"loc":{"start":{"line":50,"column":4},"end":{"line":52,"column":5}},"type":"if","locations":[{"start":{"line":50,"column":4},"end":{"line":52,"column":5}},{"start":{},"end":{}}],"line":50},"4":{"loc":{"start":{"line":50,"column":8},"end":{"line":50,"column":44}},"type":"binary-expr","locations":[{"start":{"line":50,"column":8},"end":{"line":50,"column":18}},{"start":{"line":50,"column":22},"end":{"line":50,"column":44}}],"line":50},"5":{"loc":{"start":{"line":55,"column":61},"end":{"line":55,"column":84}},"type":"binary-expr","locations":[{"start":{"line":55,"column":61},"end":{"line":55,"column":74}},{"start":{"line":55,"column":78},"end":{"line":55,"column":84}}],"line":55},"6":{"loc":{"start":{"line":61,"column":4},"end":{"line":63,"column":5}},"type":"if","locations":[{"start":{"line":61,"column":4},"end":{"line":63,"column":5}},{"start":{},"end":{}}],"line":61},"7":{"loc":{"start":{"line":61,"column":8},"end":{"line":61,"column":125}},"type":"binary-expr","locations":[{"start":{"line":61,"column":8},"end":{"line":61,"column":43}},{"start":{"line":61,"column":47},"end":{"line":61,"column":83}},{"start":{"line":61,"column":87},"end":{"line":61,"column":125}}],"line":61},"8":{"loc":{"start":{"line":73,"column":4},"end":{"line":75,"column":5}},"type":"if","locations":[{"start":{"line":73,"column":4},"end":{"line":75,"column":5}},{"start":{},"end":{}}],"line":73},"9":{"loc":{"start":{"line":73,"column":8},"end":{"line":73,"column":119}},"type":"binary-expr","locations":[{"start":{"line":73,"column":8},"end":{"line":73,"column":43}},{"start":{"line":73,"column":47},"end":{"line":73,"column":83}},{"start":{"line":73,"column":87},"end":{"line":73,"column":119}}],"line":73},"10":{"loc":{"start":{"line":85,"column":6},"end":{"line":87,"column":7}},"type":"if","locations":[{"start":{"line":85,"column":6},"end":{"line":87,"column":7}},{"start":{},"end":{}}],"line":85},"11":{"loc":{"start":{"line":85,"column":10},"end":{"line":85,"column":121}},"type":"binary-expr","locations":[{"start":{"line":85,"column":10},"end":{"line":85,"column":45}},{"start":{"line":85,"column":49},"end":{"line":85,"column":85}},{"start":{"line":85,"column":89},"end":{"line":85,"column":121}}],"line":85},"12":{"loc":{"start":{"line":97,"column":4},"end":{"line":99,"column":5}},"type":"if","locations":[{"start":{"line":97,"column":4},"end":{"line":99,"column":5}},{"start":{},"end":{}}],"line":97},"13":{"loc":{"start":{"line":97,"column":8},"end":{"line":97,"column":126}},"type":"binary-expr","locations":[{"start":{"line":97,"column":8},"end":{"line":97,"column":43}},{"start":{"line":97,"column":47},"end":{"line":97,"column":83}},{"start":{"line":97,"column":87},"end":{"line":97,"column":126}}],"line":97},"14":{"loc":{"start":{"line":109,"column":4},"end":{"line":111,"column":5}},"type":"if","locations":[{"start":{"line":109,"column":4},"end":{"line":111,"column":5}},{"start":{},"end":{}}],"line":109},"15":{"loc":{"start":{"line":109,"column":8},"end":{"line":109,"column":125}},"type":"binary-expr","locations":[{"start":{"line":109,"column":8},"end":{"line":109,"column":43}},{"start":{"line":109,"column":47},"end":{"line":109,"column":83}},{"start":{"line":109,"column":87},"end":{"line":109,"column":125}}],"line":109}},"s":{"0":3,"1":3,"2":0,"3":0,"4":0,"5":0,"6":0,"7":0,"8":3,"9":0,"10":0,"11":0,"12":0,"13":3,"14":0,"15":0,"16":0,"17":0,"18":0,"19":0,"20":3,"21":0,"22":0,"23":0,"24":0,"25":0,"26":0,"27":3,"28":0,"29":0,"30":0,"31":0,"32":0,"33":0,"34":0,"35":0,"36":0,"37":0,"38":3,"39":0,"40":0,"41":0,"42":0,"43":0,"44":0,"45":3,"46":0,"47":0,"48":0,"49":0,"50":0,"51":0,"52":3,"53":0,"54":0,"55":0,"56":0,"57":0,"58":0,"59":3,"60":0,"61":0,"62":0,"63":0,"64":0,"65":0},"f":{"0":0,"1":0,"2":0,"3":0,"4":0,"5":0,"6":0,"7":0,"8":0,"9":0},"b":{"0":[0,0],"1":[0,0],"2":[0,0],"3":[0,0],"4":[0,0],"5":[0,0],"6":[0,0],"7":[0,0,0],"8":[0,0],"9":[0,0,0],"10":[0,0],"11":[0,0,0],"12":[0,0],"13":[0,0,0],"14":[0,0],"15":[0,0,0]},"_coverageSchema":"1a1c01bbd47fc00a2c39e90264f33305004495a9","hash":"ac95f95d2a342acf18413bdfa6bd66d7ffe631fa"}
,"/home/abood/Project/Website_for_Lazward_Dental_Clinic/controllers/content.controller.js": {"path":"/home/abood/Project/Website_for_Lazward_Dental_Clinic/controllers/content.controller.js","statementMap":{"0":{"start":{"line":1,"column":23},"end":{"line":1,"column":61}},"1":{"start":{"line":4,"column":0},"end":{"line":11,"column":2}},"2":{"start":{"line":5,"column":2},"end":{"line":10,"column":3}},"3":{"start":{"line":6,"column":18},"end":{"line":6,"column":58}},"4":{"start":{"line":7,"column":4},"end":{"line":7,"column":65}},"5":{"start":{"line":9,"column":4},"end":{"line":9,"column":16}},"6":{"start":{"line":13,"column":0},"end":{"line":23,"column":2}},"7":{"start":{"line":14,"column":2},"end":{"line":22,"column":3}},"8":{"start":{"line":15,"column":17},"end":{"line":15,"column":68}},"9":{"start":{"line":16,"column":4},"end":{"line":16,"column":64}},"10":{"start":{"line":18,"column":4},"end":{"line":20,"column":5}},"11":{"start":{"line":19,"column":6},"end":{"line":19,"column":62}},"12":{"start":{"line":21,"column":4},"end":{"line":21,"column":16}},"13":{"start":{"line":25,"column":0},"end":{"line":32,"column":2}},"14":{"start":{"line":26,"column":2},"end":{"line":31,"column":3}},"15":{"start":{"line":27,"column":17},"end":{"line":27,"column":58}},"16":{"start":{"line":28,"column":4},"end":{"line":28,"column":64}},"17":{"start":{"line":30,"column":4},"end":{"line":30,"column":16}},"18":{"start":{"line":34,"column":0},"end":{"line":44,"column":2}},"19":{"start":{"line":35,"column":2},"end":{"line":43,"column":3}},"20":{"start":{"line":36,"column":17},"end":{"line":36,"column":73}},"21":{"start":{"line":37,"column":4},"end":{"line":37,"column":64}},"22":{"start":{"line":39,"column":4},"end":{"line":41,"column":5}},"23":{"start":{"line":40,"column":6},"end":{"line":40,"column":62}},"24":{"start":{"line":42,"column":4},"end":{"line":42,"column":16}},"25":{"start":{"line":46,"column":0},"end":{"line":56,"column":2}},"26":{"start":{"line":47,"column":2},"end":{"line":55,"column":3}},"27":{"start":{"line":48,"column":4},"end":{"line":48,"column":51}},"28":{"start":{"line":49,"column":4},"end":{"line":49,"column":86}},"29":{"start":{"line":51,"column":4},"end":{"line":53,"column":5}},"30":{"start":{"line":52,"column":6},"end":{"line":52,"column":62}},"31":{"start":{"line":54,"column":4},"end":{"line":54,"column":16}},"32":{"start":{"line":59,"column":0},"end":{"line":66,"column":2}},"33":{"start":{"line":60,"column":2},"end":{"line":65,"column":3}},"34":{"start":{"line":61,"column":17},"end":{"line":61,"column":50}},"35":{"start":{"line":62,"column":4},"end":{"line":62,"column":64}},"36":{"start":{"line":64,"column":4},"end":{"line":64,"column":16}},"37":{"start":{"line":68,"column":0},"end":{"line":75,"column":2}},"38":{"start":{"line":69,"column":2},"end":{"line":74,"column":3}},"39":{"start":{"line":70,"column":16},"end":{"line":70,"column":56}},"40":{"start":{"line":71,"column":4},"end":{"line":71,"column":63}},"41":{"start":{"line":73,"column":4},"end":{"line":73,"column":16}},"42":{"start":{"line":77,"column":0},"end":{"line":87,"column":2}},"43":{"start":{"line":78,"column":2},"end":{"line":86,"column":3}},"44":{"start":{"line":79,"column":16},"end":{"line":79,"column":71}},"45":{"start":{"line":80,"column":4},"end":{"line":80,"column":63}},"46":{"start":{"line":82,"column":4},"end":{"line":84,"column":5}},"47":{"start":{"line":83,"column":6},"end":{"line":83,"column":62}},"48":{"start":{"line":85,"column":4},"end":{"line":85,"column":16}},"49":{"start":{"line":89,"column":0},"end":{"line":99,"column":2}},"50":{"start":{"line":90,"column":2},"end":{"line":98,"column":3}},"51":{"start":{"line":91,"column":4},"end":{"line":91,"column":50}},"52":{"start":{"line":92,"column":4},"end":{"line":92,"column":85}},"53":{"start":{"line":94,"column":4},"end":{"line":96,"column":5}},"54":{"start":{"line":95,"column":6},"end":{"line":95,"column":62}},"55":{"start":{"line":97,"column":4},"end":{"line":97,"column":16}}},"fnMap":{"0":{"name":"(anonymous_0)","decl":{"start":{"line":4,"column":28},"end":{"line":4,"column":29}},"loc":{"start":{"line":4,"column":54},"end":{"line":11,"column":1}},"line":4},"1":{"name":"(anonymous_1)","decl":{"start":{"line":13,"column":24},"end":{"line":13,"column":25}},"loc":{"start":{"line":13,"column":50},"end":{"line":23,"column":1}},"line":13},"2":{"name":"(anonymous_2)","decl":{"start":{"line":25,"column":21},"end":{"line":25,"column":22}},"loc":{"start":{"line":25,"column":47},"end":{"line":32,"column":1}},"line":25},"3":{"name":"(anonymous_3)","decl":{"start":{"line":34,"column":21},"end":{"line":34,"column":22}},"loc":{"start":{"line":34,"column":47},"end":{"line":44,"column":1}},"line":34},"4":{"name":"(anonymous_4)","decl":{"start":{"line":46,"column":21},"end":{"line":46,"column":22}},"loc":{"start":{"line":46,"column":47},"end":{"line":56,"column":1}},"line":46},"5":{"name":"(anonymous_5)","decl":{"start":{"line":59,"column":21},"end":{"line":59,"column":22}},"loc":{"start":{"line":59,"column":47},"end":{"line":66,"column":1}},"line":59},"6":{"name":"(anonymous_6)","decl":{"start":{"line":68,"column":20},"end":{"line":68,"column":21}},"loc":{"start":{"line":68,"column":46},"end":{"line":75,"column":1}},"line":68},"7":{"name":"(anonymous_7)","decl":{"start":{"line":77,"column":20},"end":{"line":77,"column":21}},"loc":{"start":{"line":77,"column":46},"end":{"line":87,"column":1}},"line":77},"8":{"name":"(anonymous_8)","decl":{"start":{"line":89,"column":20},"end":{"line":89,"column":21}},"loc":{"start":{"line":89,"column":46},"end":{"line":99,"column":1}},"line":89}},"branchMap":{"0":{"loc":{"start":{"line":18,"column":4},"end":{"line":20,"column":5}},"type":"if","locations":[{"start":{"line":18,"column":4},"end":{"line":20,"column":5}},{"start":{},"end":{}}],"line":18},"1":{"loc":{"start":{"line":39,"column":4},"end":{"line":41,"column":5}},"type":"if","locations":[{"start":{"line":39,"column":4},"end":{"line":41,"column":5}},{"start":{},"end":{}}],"line":39},"2":{"loc":{"start":{"line":51,"column":4},"end":{"line":53,"column":5}},"type":"if","locations":[{"start":{"line":51,"column":4},"end":{"line":53,"column":5}},{"start":{},"end":{}}],"line":51},"3":{"loc":{"start":{"line":82,"column":4},"end":{"line":84,"column":5}},"type":"if","locations":[{"start":{"line":82,"column":4},"end":{"line":84,"column":5}},{"start":{},"end":{}}],"line":82},"4":{"loc":{"start":{"line":94,"column":4},"end":{"line":96,"column":5}},"type":"if","locations":[{"start":{"line":94,"column":4},"end":{"line":96,"column":5}},{"start":{},"end":{}}],"line":94}},"s":{"0":3,"1":3,"2":1,"3":1,"4":1,"5":0,"6":3,"7":0,"8":0,"9":0,"10":0,"11":0,"12":0,"13":3,"14":0,"15":0,"16":0,"17":0,"18":3,"19":0,"20":0,"21":0,"22":0,"23":0,"24":0,"25":3,"26":0,"27":0,"28":0,"29":0,"30":0,"31":0,"32":3,"33":1,"34":1,"35":1,"36":0,"37":3,"38":0,"39":0,"40":0,"41":0,"42":3,"43":0,"44":0,"45":0,"46":0,"47":0,"48":0,"49":3,"50":0,"51":0,"52":0,"53":0,"54":0,"55":0},"f":{"0":1,"1":0,"2":0,"3":0,"4":0,"5":1,"6":0,"7":0,"8":0},"b":{"0":[0,0],"1":[0,0],"2":[0,0],"3":[0,0],"4":[0,0]},"_coverageSchema":"1a1c01bbd47fc00a2c39e90264f33305004495a9","hash":"63ca80d50d9aee8a3f0228b60087a3abbf5b7988"}
,"/home/abood/Project/Website_for_Lazward_Dental_Clinic/controllers/lead.controller.js": {"path":"/home/abood/Project/Website_for_Lazward_Dental_Clinic/controllers/lead.controller.js","statementMap":{"0":{"start":{"line":1,"column":20},"end":{"line":1,"column":55}},"1":{"start":{"line":3,"column":0},"end":{"line":10,"column":2}},"2":{"start":{"line":4,"column":2},"end":{"line":9,"column":3}},"3":{"start":{"line":5,"column":17},"end":{"line":5,"column":55}},"4":{"start":{"line":6,"column":4},"end":{"line":6,"column":64}},"5":{"start":{"line":8,"column":4},"end":{"line":8,"column":16}},"6":{"start":{"line":12,"column":0},"end":{"line":23,"column":2}},"7":{"start":{"line":13,"column":2},"end":{"line":22,"column":3}},"8":{"start":{"line":14,"column":19},"end":{"line":14,"column":21}},"9":{"start":{"line":15,"column":4},"end":{"line":17,"column":5}},"10":{"start":{"line":16,"column":6},"end":{"line":16,"column":56}},"11":{"start":{"line":18,"column":18},"end":{"line":18,"column":52}},"12":{"start":{"line":19,"column":4},"end":{"line":19,"column":65}},"13":{"start":{"line":21,"column":4},"end":{"line":21,"column":16}},"14":{"start":{"line":25,"column":0},"end":{"line":35,"column":2}},"15":{"start":{"line":26,"column":2},"end":{"line":34,"column":3}},"16":{"start":{"line":27,"column":17},"end":{"line":27,"column":86}},"17":{"start":{"line":28,"column":4},"end":{"line":28,"column":64}},"18":{"start":{"line":30,"column":4},"end":{"line":32,"column":5}},"19":{"start":{"line":31,"column":6},"end":{"line":31,"column":62}},"20":{"start":{"line":33,"column":4},"end":{"line":33,"column":16}}},"fnMap":{"0":{"name":"(anonymous_0)","decl":{"start":{"line":3,"column":21},"end":{"line":3,"column":22}},"loc":{"start":{"line":3,"column":47},"end":{"line":10,"column":1}},"line":3},"1":{"name":"(anonymous_1)","decl":{"start":{"line":12,"column":19},"end":{"line":12,"column":20}},"loc":{"start":{"line":12,"column":45},"end":{"line":23,"column":1}},"line":12},"2":{"name":"(anonymous_2)","decl":{"start":{"line":25,"column":27},"end":{"line":25,"column":28}},"loc":{"start":{"line":25,"column":53},"end":{"line":35,"column":1}},"line":25}},"branchMap":{"0":{"loc":{"start":{"line":15,"column":4},"end":{"line":17,"column":5}},"type":"if","locations":[{"start":{"line":15,"column":4},"end":{"line":17,"column":5}},{"start":{},"end":{}}],"line":15},"1":{"loc":{"start":{"line":30,"column":4},"end":{"line":32,"column":5}},"type":"if","locations":[{"start":{"line":30,"column":4},"end":{"line":32,"column":5}},{"start":{},"end":{}}],"line":30}},"s":{"0":3,"1":3,"2":2,"3":2,"4":2,"5":0,"6":3,"7":0,"8":0,"9":0,"10":0,"11":0,"12":0,"13":0,"14":3,"15":0,"16":0,"17":0,"18":0,"19":0,"20":0},"f":{"0":2,"1":0,"2":0},"b":{"0":[0,0],"1":[0,0]},"_coverageSchema":"1a1c01bbd47fc00a2c39e90264f33305004495a9","hash":"cfbac61fcb145fab1fce3a0c45fb50df6a2d4310"}
,"/home/abood/Project/Website_for_Lazward_Dental_Clinic/controllers/product.controller.js": {"path":"/home/abood/Project/Website_for_Lazward_Dental_Clinic/controllers/product.controller.js","statementMap":{"0":{"start":{"line":1,"column":23},"end":{"line":1,"column":61}},"1":{"start":{"line":3,"column":0},"end":{"line":10,"column":2}},"2":{"start":{"line":4,"column":2},"end":{"line":9,"column":3}},"3":{"start":{"line":5,"column":21},"end":{"line":5,"column":56}},"4":{"start":{"line":6,"column":4},"end":{"line":6,"column":68}},"5":{"start":{"line":8,"column":4},"end":{"line":8,"column":16}},"6":{"start":{"line":12,"column":0},"end":{"line":22,"column":2}},"7":{"start":{"line":13,"column":2},"end":{"line":21,"column":3}},"8":{"start":{"line":14,"column":20},"end":{"line":14,"column":63}},"9":{"start":{"line":15,"column":4},"end":{"line":15,"column":67}},"10":{"start":{"line":17,"column":4},"end":{"line":19,"column":5}},"11":{"start":{"line":18,"column":6},"end":{"line":18,"column":62}},"12":{"start":{"line":20,"column":4},"end":{"line":20,"column":16}},"13":{"start":{"line":24,"column":0},"end":{"line":31,"column":2}},"14":{"start":{"line":25,"column":2},"end":{"line":30,"column":3}},"15":{"start":{"line":26,"column":20},"end":{"line":26,"column":57}},"16":{"start":{"line":27,"column":4},"end":{"line":27,"column":67}},"17":{"start":{"line":29,"column":4},"end":{"line":29,"column":16}},"18":{"start":{"line":33,"column":0},"end":{"line":43,"column":2}},"19":{"start":{"line":34,"column":2},"end":{"line":42,"column":3}},"20":{"start":{"line":35,"column":20},"end":{"line":35,"column":72}},"21":{"start":{"line":36,"column":4},"end":{"line":36,"column":67}},"22":{"start":{"line":38,"column":4},"end":{"line":40,"column":5}},"23":{"start":{"line":39,"column":6},"end":{"line":39,"column":62}},"24":{"start":{"line":41,"column":4},"end":{"line":41,"column":16}},"25":{"start":{"line":45,"column":0},"end":{"line":55,"column":2}},"26":{"start":{"line":46,"column":2},"end":{"line":54,"column":3}},"27":{"start":{"line":47,"column":4},"end":{"line":47,"column":51}},"28":{"start":{"line":48,"column":4},"end":{"line":48,"column":89}},"29":{"start":{"line":50,"column":4},"end":{"line":52,"column":5}},"30":{"start":{"line":51,"column":6},"end":{"line":51,"column":62}},"31":{"start":{"line":53,"column":4},"end":{"line":53,"column":16}}},"fnMap":{"0":{"name":"(anonymous_0)","decl":{"start":{"line":3,"column":23},"end":{"line":3,"column":24}},"loc":{"start":{"line":3,"column":49},"end":{"line":10,"column":1}},"line":3},"1":{"name":"(anonymous_1)","decl":{"start":{"line":12,"column":18},"end":{"line":12,"column":19}},"loc":{"start":{"line":12,"column":44},"end":{"line":22,"column":1}},"line":12},"2":{"name":"(anonymous_2)","decl":{"start":{"line":24,"column":17},"end":{"line":24,"column":18}},"loc":{"start":{"line":24,"column":43},"end":{"line":31,"column":1}},"line":24},"3":{"name":"(anonymous_3)","decl":{"start":{"line":33,"column":17},"end":{"line":33,"column":18}},"loc":{"start":{"line":33,"column":43},"end":{"line":43,"column":1}},"line":33},"4":{"name":"(anonymous_4)","decl":{"start":{"line":45,"column":17},"end":{"line":45,"column":18}},"loc":{"start":{"line":45,"column":43},"end":{"line":55,"column":1}},"line":45}},"branchMap":{"0":{"loc":{"start":{"line":17,"column":4},"end":{"line":19,"column":5}},"type":"if","locations":[{"start":{"line":17,"column":4},"end":{"line":19,"column":5}},{"start":{},"end":{}}],"line":17},"1":{"loc":{"start":{"line":38,"column":4},"end":{"line":40,"column":5}},"type":"if","locations":[{"start":{"line":38,"column":4},"end":{"line":40,"column":5}},{"start":{},"end":{}}],"line":38},"2":{"loc":{"start":{"line":50,"column":4},"end":{"line":52,"column":5}},"type":"if","locations":[{"start":{"line":50,"column":4},"end":{"line":52,"column":5}},{"start":{},"end":{}}],"line":50}},"s":{"0":3,"1":3,"2":0,"3":0,"4":0,"5":0,"6":3,"7":0,"8":0,"9":0,"10":0,"11":0,"12":0,"13":3,"14":0,"15":0,"16":0,"17":0,"18":3,"19":0,"20":0,"21":0,"22":0,"23":0,"24":0,"25":3,"26":0,"27":0,"28":0,"29":0,"30":0,"31":0},"f":{"0":0,"1":0,"2":0,"3":0,"4":0},"b":{"0":[0,0],"1":[0,0],"2":[0,0]},"_coverageSchema":"1a1c01bbd47fc00a2c39e90264f33305004495a9","hash":"54e3fa77eafb078f7575996c7ff9f4cea8e151d1"}
,"/home/abood/Project/Website_for_Lazward_Dental_Clinic/controllers/stats.controller.js": {"path":"/home/abood/Project/Website_for_Lazward_Dental_Clinic/controllers/stats.controller.js","statementMap":{"0":{"start":{"line":1,"column":21},"end":{"line":1,"column":57}},"1":{"start":{"line":3,"column":0},"end":{"line":10,"column":2}},"2":{"start":{"line":4,"column":2},"end":{"line":9,"column":3}},"3":{"start":{"line":5,"column":18},"end":{"line":5,"column":47}},"4":{"start":{"line":6,"column":4},"end":{"line":6,"column":61}},"5":{"start":{"line":8,"column":4},"end":{"line":8,"column":16}}},"fnMap":{"0":{"name":"(anonymous_0)","decl":{"start":{"line":3,"column":19},"end":{"line":3,"column":20}},"loc":{"start":{"line":3,"column":45},"end":{"line":10,"column":1}},"line":3}},"branchMap":{},"s":{"0":3,"1":3,"2":0,"3":0,"4":0,"5":0},"f":{"0":0},"b":{},"_coverageSchema":"1a1c01bbd47fc00a2c39e90264f33305004495a9","hash":"ea98c261df5a57c1e9b6094d50755da5bdb592bd"}
,"/home/abood/Project/Website_for_Lazward_Dental_Clinic/middleware/auth.middleware.js": {"path":"/home/abood/Project/Website_for_Lazward_Dental_Clinic/middleware/auth.middleware.js","statementMap":{"0":{"start":{"line":1,"column":12},"end":{"line":1,"column":35}},"1":{"start":{"line":2,"column":19},"end":{"line":2,"column":51}},"2":{"start":{"line":3,"column":13},"end":{"line":3,"column":44}},"3":{"start":{"line":5,"column":16},"end":{"line":36,"column":1}},"4":{"start":{"line":9,"column":2},"end":{"line":14,"column":3}},"5":{"start":{"line":10,"column":4},"end":{"line":10,"column":30}},"6":{"start":{"line":11,"column":9},"end":{"line":14,"column":3}},"7":{"start":{"line":13,"column":4},"end":{"line":13,"column":52}},"8":{"start":{"line":16,"column":2},"end":{"line":18,"column":3}},"9":{"start":{"line":17,"column":4},"end":{"line":17,"column":82}},"10":{"start":{"line":20,"column":2},"end":{"line":35,"column":3}},"11":{"start":{"line":22,"column":20},"end":{"line":22,"column":56}},"12":{"start":{"line":25,"column":4},"end":{"line":25,"column":71}},"13":{"start":{"line":27,"column":4},"end":{"line":29,"column":5}},"14":{"start":{"line":28,"column":6},"end":{"line":28,"column":81}},"15":{"start":{"line":31,"column":4},"end":{"line":31,"column":11}},"16":{"start":{"line":33,"column":4},"end":{"line":33,"column":25}},"17":{"start":{"line":34,"column":4},"end":{"line":34,"column":77}},"18":{"start":{"line":38,"column":0},"end":{"line":38,"column":29}}},"fnMap":{"0":{"name":"(anonymous_0)","decl":{"start":{"line":5,"column":16},"end":{"line":5,"column":17}},"loc":{"start":{"line":5,"column":42},"end":{"line":36,"column":1}},"line":5}},"branchMap":{"0":{"loc":{"start":{"line":9,"column":2},"end":{"line":14,"column":3}},"type":"if","locations":[{"start":{"line":9,"column":2},"end":{"line":14,"column":3}},{"start":{"line":11,"column":9},"end":{"line":14,"column":3}}],"line":9},"1":{"loc":{"start":{"line":9,"column":6},"end":{"line":9,"column":38}},"type":"binary-expr","locations":[{"start":{"line":9,"column":6},"end":{"line":9,"column":17}},{"start":{"line":9,"column":21},"end":{"line":9,"column":38}}],"line":9},"2":{"loc":{"start":{"line":11,"column":9},"end":{"line":14,"column":3}},"type":"if","locations":[{"start":{"line":11,"column":9},"end":{"line":14,"column":3}},{"start":{},"end":{}}],"line":11},"3":{"loc":{"start":{"line":11,"column":13},"end":{"line":11,"column":88}},"type":"binary-expr","locations":[{"start":{"line":11,"column":13},"end":{"line":11,"column":38}},{"start":{"line":11,"column":42},"end":{"line":11,"column":88}}],"line":11},"4":{"loc":{"start":{"line":16,"column":2},"end":{"line":18,"column":3}},"type":"if","locations":[{"start":{"line":16,"column":2},"end":{"line":18,"column":3}},{"start":{},"end":{}}],"line":16},"5":{"loc":{"start":{"line":27,"column":4},"end":{"line":29,"column":5}},"type":"if","locations":[{"start":{"line":27,"column":4},"end":{"line":29,"column":5}},{"start":{},"end":{}}],"line":27}},"s":{"0":3,"1":3,"2":3,"3":3,"4":0,"5":0,"6":0,"7":0,"8":0,"9":0,"10":0,"11":0,"12":0,"13":0,"14":0,"15":0,"16":0,"17":0,"18":3},"f":{"0":0},"b":{"0":[0,0],"1":[0,0],"2":[0,0],"3":[0,0],"4":[0,0],"5":[0,0]},"_coverageSchema":"1a1c01bbd47fc00a2c39e90264f33305004495a9","hash":"3d42b9dca0ed6509ea601b6d183ab306a0212b75"}
,"/home/abood/Project/Website_for_Lazward_Dental_Clinic/middleware/globalErrorHandler.js": {"path":"/home/abood/Project/Website_for_Lazward_Dental_Clinic/middleware/globalErrorHandler.js","statementMap":{"0":{"start":{"line":4,"column":27},"end":{"line":16,"column":1}},"1":{"start":{"line":5,"column":2},"end":{"line":5,"column":27}},"2":{"start":{"line":7,"column":21},"end":{"line":7,"column":42}},"3":{"start":{"line":8,"column":18},"end":{"line":8,"column":56}},"4":{"start":{"line":10,"column":2},"end":{"line":15,"column":5}},"5":{"start":{"line":18,"column":0},"end":{"line":18,"column":36}}},"fnMap":{"0":{"name":"(anonymous_0)","decl":{"start":{"line":4,"column":27},"end":{"line":4,"column":28}},"loc":{"start":{"line":4,"column":52},"end":{"line":16,"column":1}},"line":4}},"branchMap":{"0":{"loc":{"start":{"line":7,"column":21},"end":{"line":7,"column":42}},"type":"binary-expr","locations":[{"start":{"line":7,"column":21},"end":{"line":7,"column":35}},{"start":{"line":7,"column":39},"end":{"line":7,"column":42}}],"line":7},"1":{"loc":{"start":{"line":8,"column":18},"end":{"line":8,"column":56}},"type":"binary-expr","locations":[{"start":{"line":8,"column":18},"end":{"line":8,"column":29}},{"start":{"line":8,"column":33},"end":{"line":8,"column":56}}],"line":8},"2":{"loc":{"start":{"line":14,"column":8},"end":{"line":14,"column":70}},"type":"binary-expr","locations":[{"start":{"line":14,"column":8},"end":{"line":14,"column":46}},{"start":{"line":14,"column":50},"end":{"line":14,"column":70}}],"line":14}},"s":{"0":3,"1":0,"2":0,"3":0,"4":0,"5":3},"f":{"0":0},"b":{"0":[0,0],"1":[0,0],"2":[0,0]},"_coverageSchema":"1a1c01bbd47fc00a2c39e90264f33305004495a9","hash":"012deb51e6496360aa80c7305f7f7052238f6ad6"}
,"/home/abood/Project/Website_for_Lazward_Dental_Clinic/middleware/rateLimit.middleware.js": {"path":"/home/abood/Project/Website_for_Lazward_Dental_Clinic/middleware/rateLimit.middleware.js","statementMap":{"0":{"start":{"line":1,"column":18},"end":{"line":1,"column":47}},"1":{"start":{"line":3,"column":20},"end":{"line":9,"column":2}},"2":{"start":{"line":11,"column":0},"end":{"line":11,"column":33}}},"fnMap":{},"branchMap":{},"s":{"0":3,"1":3,"2":3},"f":{},"b":{},"_coverageSchema":"1a1c01bbd47fc00a2c39e90264f33305004495a9","hash":"9d65d22b0fc5c999c22caa05205defa7df8948c1"}
,"/home/abood/Project/Website_for_Lazward_Dental_Clinic/middleware/role.middleware.js": {"path":"/home/abood/Project/Website_for_Lazward_Dental_Clinic/middleware/role.middleware.js","statementMap":{"0":{"start":{"line":1,"column":19},"end":{"line":13,"column":1}},"1":{"start":{"line":2,"column":2},"end":{"line":12,"column":4}},"2":{"start":{"line":3,"column":4},"end":{"line":5,"column":5}},"3":{"start":{"line":4,"column":6},"end":{"line":4,"column":65}},"4":{"start":{"line":7,"column":4},"end":{"line":9,"column":5}},"5":{"start":{"line":8,"column":6},"end":{"line":8,"column":95}},"6":{"start":{"line":11,"column":4},"end":{"line":11,"column":11}},"7":{"start":{"line":15,"column":0},"end":{"line":15,"column":32}}},"fnMap":{"0":{"name":"(anonymous_0)","decl":{"start":{"line":1,"column":19},"end":{"line":1,"column":20}},"loc":{"start":{"line":1,"column":33},"end":{"line":13,"column":1}},"line":1},"1":{"name":"(anonymous_1)","decl":{"start":{"line":2,"column":9},"end":{"line":2,"column":10}},"loc":{"start":{"line":2,"column":29},"end":{"line":12,"column":3}},"line":2}},"branchMap":{"0":{"loc":{"start":{"line":3,"column":4},"end":{"line":5,"column":5}},"type":"if","locations":[{"start":{"line":3,"column":4},"end":{"line":5,"column":5}},{"start":{},"end":{}}],"line":3},"1":{"loc":{"start":{"line":7,"column":4},"end":{"line":9,"column":5}},"type":"if","locations":[{"start":{"line":7,"column":4},"end":{"line":9,"column":5}},{"start":{},"end":{}}],"line":7}},"s":{"0":3,"1":54,"2":0,"3":0,"4":0,"5":0,"6":0,"7":3},"f":{"0":54,"1":0},"b":{"0":[0,0],"1":[0,0]},"_coverageSchema":"1a1c01bbd47fc00a2c39e90264f33305004495a9","hash":"81f9da7623dec663f4ffdba238015fc655f95f1a"}
,"/home/abood/Project/Website_for_Lazward_Dental_Clinic/middleware/upload.middleware.js": {"path":"/home/abood/Project/Website_for_Lazward_Dental_Clinic/middleware/upload.middleware.js","statementMap":{"0":{"start":{"line":1,"column":15},"end":{"line":1,"column":32}},"1":{"start":{"line":2,"column":11},"end":{"line":2,"column":24}},"2":{"start":{"line":3,"column":13},"end":{"line":3,"column":28}},"3":{"start":{"line":6,"column":16},"end":{"line":20,"column":2}},"4":{"start":{"line":8,"column":19},"end":{"line":8,"column":56}},"5":{"start":{"line":9,"column":16},"end":{"line":9,"column":64}},"6":{"start":{"line":12,"column":4},"end":{"line":14,"column":5}},"7":{"start":{"line":13,"column":8},"end":{"line":13,"column":47}},"8":{"start":{"line":15,"column":4},"end":{"line":15,"column":18}},"9":{"start":{"line":18,"column":4},"end":{"line":18,"column":71}},"10":{"start":{"line":23,"column":19},"end":{"line":31,"column":1}},"11":{"start":{"line":24,"column":23},"end":{"line":24,"column":72}},"12":{"start":{"line":25,"column":14},"end":{"line":25,"column":59}},"13":{"start":{"line":26,"column":2},"end":{"line":30,"column":3}},"14":{"start":{"line":27,"column":4},"end":{"line":27,"column":19}},"15":{"start":{"line":29,"column":4},"end":{"line":29,"column":57}},"16":{"start":{"line":33,"column":24},"end":{"line":39,"column":2}},"17":{"start":{"line":41,"column":0},"end":{"line":41,"column":37}}},"fnMap":{"0":{"name":"(anonymous_0)","decl":{"start":{"line":7,"column":15},"end":{"line":7,"column":16}},"loc":{"start":{"line":7,"column":40},"end":{"line":16,"column":3}},"line":7},"1":{"name":"(anonymous_1)","decl":{"start":{"line":17,"column":12},"end":{"line":17,"column":13}},"loc":{"start":{"line":17,"column":37},"end":{"line":19,"column":3}},"line":17},"2":{"name":"(anonymous_2)","decl":{"start":{"line":23,"column":19},"end":{"line":23,"column":20}},"loc":{"start":{"line":23,"column":38},"end":{"line":31,"column":1}},"line":23}},"branchMap":{"0":{"loc":{"start":{"line":8,"column":19},"end":{"line":8,"column":56}},"type":"binary-expr","locations":[{"start":{"line":8,"column":19},"end":{"line":8,"column":32}},{"start":{"line":8,"column":36},"end":{"line":8,"column":56}}],"line":8},"1":{"loc":{"start":{"line":12,"column":4},"end":{"line":14,"column":5}},"type":"if","locations":[{"start":{"line":12,"column":4},"end":{"line":14,"column":5}},{"start":{},"end":{}}],"line":12},"2":{"loc":{"start":{"line":26,"column":2},"end":{"line":30,"column":3}},"type":"if","locations":[{"start":{"line":26,"column":2},"end":{"line":30,"column":3}},{"start":{"line":28,"column":9},"end":{"line":30,"column":3}}],"line":26}},"s":{"0":3,"1":3,"2":3,"3":3,"4":0,"5":0,"6":0,"7":0,"8":0,"9":0,"10":3,"11":0,"12":0,"13":0,"14":0,"15":0,"16":3,"17":3},"f":{"0":0,"1":0,"2":0},"b":{"0":[0,0],"1":[0,0],"2":[0,0]},"_coverageSchema":"1a1c01bbd47fc00a2c39e90264f33305004495a9","hash":"078b3616c91a219475d92e0bbfdee6d1aad9fad3"}
,"/home/abood/Project/Website_for_Lazward_Dental_Clinic/middleware/validation.middleware.js": {"path":"/home/abood/Project/Website_for_Lazward_Dental_Clinic/middleware/validation.middleware.js","statementMap":{"0":{"start":{"line":1,"column":17},"end":{"line":8,"column":1}},"1":{"start":{"line":1,"column":29},"end":{"line":8,"column":1}},"2":{"start":{"line":2,"column":20},"end":{"line":2,"column":68}},"3":{"start":{"line":3,"column":2},"end":{"line":6,"column":3}},"4":{"start":{"line":4,"column":19},"end":{"line":4,"column":64}},"5":{"start":{"line":4,"column":49},"end":{"line":4,"column":63}},"6":{"start":{"line":5,"column":4},"end":{"line":5,"column":73}},"7":{"start":{"line":7,"column":2},"end":{"line":7,"column":9}},"8":{"start":{"line":10,"column":0},"end":{"line":10,"column":30}}},"fnMap":{"0":{"name":"(anonymous_0)","decl":{"start":{"line":1,"column":17},"end":{"line":1,"column":18}},"loc":{"start":{"line":1,"column":29},"end":{"line":8,"column":1}},"line":1},"1":{"name":"(anonymous_1)","decl":{"start":{"line":1,"column":29},"end":{"line":1,"column":30}},"loc":{"start":{"line":1,"column":49},"end":{"line":8,"column":1}},"line":1},"2":{"name":"(anonymous_2)","decl":{"start":{"line":4,"column":37},"end":{"line":4,"column":38}},"loc":{"start":{"line":4,"column":49},"end":{"line":4,"column":63}},"line":4}},"branchMap":{"0":{"loc":{"start":{"line":3,"column":2},"end":{"line":6,"column":3}},"type":"if","locations":[{"start":{"line":3,"column":2},"end":{"line":6,"column":3}},{"start":{},"end":{}}],"line":3}},"s":{"0":3,"1":21,"2":5,"3":5,"4":2,"5":7,"6":2,"7":3,"8":3},"f":{"0":21,"1":5,"2":7},"b":{"0":[2,3]},"_coverageSchema":"1a1c01bbd47fc00a2c39e90264f33305004495a9","hash":"66fcf10b7a8af89cd36cc121c5fb3cbe8f76360a"}
,"/home/abood/Project/Website_for_Lazward_Dental_Clinic/services/auth.service.js": {"path":"/home/abood/Project/Website_for_Lazward_Dental_Clinic/services/auth.service.js","statementMap":{"0":{"start":{"line":1,"column":15},"end":{"line":1,"column":32}},"1":{"start":{"line":2,"column":12},"end":{"line":2,"column":35}},"2":{"start":{"line":3,"column":15},"end":{"line":3,"column":32}},"3":{"start":{"line":4,"column":13},"end":{"line":4,"column":44}},"4":{"start":{"line":5,"column":19},"end":{"line":5,"column":51}},"5":{"start":{"line":6,"column":21},"end":{"line":6,"column":54}},"6":{"start":{"line":8,"column":22},"end":{"line":12,"column":1}},"7":{"start":{"line":9,"column":2},"end":{"line":11,"column":5}},"8":{"start":{"line":14,"column":17},"end":{"line":36,"column":1}},"9":{"start":{"line":15,"column":70},"end":{"line":15,"column":78}},"10":{"start":{"line":17,"column":23},"end":{"line":17,"column":52}},"11":{"start":{"line":18,"column":2},"end":{"line":20,"column":3}},"12":{"start":{"line":19,"column":4},"end":{"line":19,"column":44}},"13":{"start":{"line":22,"column":15},"end":{"line":22,"column":39}},"14":{"start":{"line":23,"column":23},"end":{"line":23,"column":56}},"15":{"start":{"line":25,"column":15},"end":{"line":33,"column":4}},"16":{"start":{"line":35,"column":2},"end":{"line":35,"column":33}},"17":{"start":{"line":38,"column":14},"end":{"line":53,"column":1}},"18":{"start":{"line":39,"column":15},"end":{"line":39,"column":44}},"19":{"start":{"line":40,"column":2},"end":{"line":42,"column":3}},"20":{"start":{"line":41,"column":4},"end":{"line":41,"column":49}},"21":{"start":{"line":44,"column":18},"end":{"line":44,"column":54}},"22":{"start":{"line":45,"column":2},"end":{"line":47,"column":3}},"23":{"start":{"line":46,"column":4},"end":{"line":46,"column":49}},"24":{"start":{"line":49,"column":2},"end":{"line":49,"column":30}},"25":{"start":{"line":50,"column":2},"end":{"line":50,"column":20}},"26":{"start":{"line":52,"column":2},"end":{"line":52,"column":33}},"27":{"start":{"line":55,"column":23},"end":{"line":83,"column":1}},"28":{"start":{"line":56,"column":15},"end":{"line":56,"column":44}},"29":{"start":{"line":57,"column":2},"end":{"line":59,"column":3}},"30":{"start":{"line":58,"column":4},"end":{"line":58,"column":65}},"31":{"start":{"line":61,"column":21},"end":{"line":61,"column":59}},"32":{"start":{"line":62,"column":2},"end":{"line":62,"column":89}},"33":{"start":{"line":63,"column":2},"end":{"line":63,"column":58}},"34":{"start":{"line":65,"column":2},"end":{"line":65,"column":49}},"35":{"start":{"line":67,"column":19},"end":{"line":67,"column":56}},"36":{"start":{"line":68,"column":18},"end":{"line":68,"column":167}},"37":{"start":{"line":70,"column":2},"end":{"line":82,"column":3}},"38":{"start":{"line":71,"column":4},"end":{"line":76,"column":6}},"39":{"start":{"line":78,"column":4},"end":{"line":78,"column":40}},"40":{"start":{"line":79,"column":4},"end":{"line":79,"column":42}},"41":{"start":{"line":80,"column":4},"end":{"line":80,"column":51}},"42":{"start":{"line":81,"column":4},"end":{"line":81,"column":78}},"43":{"start":{"line":85,"column":22},"end":{"line":104,"column":1}},"44":{"start":{"line":86,"column":22},"end":{"line":86,"column":77}},"45":{"start":{"line":88,"column":15},"end":{"line":91,"column":4}},"46":{"start":{"line":93,"column":2},"end":{"line":95,"column":3}},"47":{"start":{"line":94,"column":4},"end":{"line":94,"column":55}},"48":{"start":{"line":97,"column":15},"end":{"line":97,"column":39}},"49":{"start":{"line":98,"column":2},"end":{"line":98,"column":59}},"50":{"start":{"line":99,"column":2},"end":{"line":99,"column":38}},"51":{"start":{"line":100,"column":2},"end":{"line":100,"column":40}},"52":{"start":{"line":101,"column":2},"end":{"line":101,"column":20}},"53":{"start":{"line":103,"column":2},"end":{"line":103,"column":33}},"54":{"start":{"line":106,"column":20},"end":{"line":108,"column":1}},"55":{"start":{"line":107,"column":2},"end":{"line":107,"column":99}},"56":{"start":{"line":110,"column":0},"end":{"line":116,"column":2}}},"fnMap":{"0":{"name":"(anonymous_0)","decl":{"start":{"line":8,"column":22},"end":{"line":8,"column":23}},"loc":{"start":{"line":8,"column":30},"end":{"line":12,"column":1}},"line":8},"1":{"name":"(anonymous_1)","decl":{"start":{"line":14,"column":17},"end":{"line":14,"column":18}},"loc":{"start":{"line":14,"column":37},"end":{"line":36,"column":1}},"line":14},"2":{"name":"(anonymous_2)","decl":{"start":{"line":38,"column":14},"end":{"line":38,"column":15}},"loc":{"start":{"line":38,"column":41},"end":{"line":53,"column":1}},"line":38},"3":{"name":"(anonymous_3)","decl":{"start":{"line":55,"column":23},"end":{"line":55,"column":24}},"loc":{"start":{"line":55,"column":54},"end":{"line":83,"column":1}},"line":55},"4":{"name":"(anonymous_4)","decl":{"start":{"line":85,"column":22},"end":{"line":85,"column":23}},"loc":{"start":{"line":85,"column":52},"end":{"line":104,"column":1}},"line":85},"5":{"name":"(anonymous_5)","decl":{"start":{"line":106,"column":20},"end":{"line":106,"column":21}},"loc":{"start":{"line":106,"column":34},"end":{"line":108,"column":1}},"line":106}},"branchMap":{"0":{"loc":{"start":{"line":18,"column":2},"end":{"line":20,"column":3}},"type":"if","locations":[{"start":{"line":18,"column":2},"end":{"line":20,"column":3}},{"start":{},"end":{}}],"line":18},"1":{"loc":{"start":{"line":40,"column":2},"end":{"line":42,"column":3}},"type":"if","locations":[{"start":{"line":40,"column":2},"end":{"line":42,"column":3}},{"start":{},"end":{}}],"line":40},"2":{"loc":{"start":{"line":45,"column":2},"end":{"line":47,"column":3}},"type":"if","locations":[{"start":{"line":45,"column":2},"end":{"line":47,"column":3}},{"start":{},"end":{}}],"line":45},"3":{"loc":{"start":{"line":57,"column":2},"end":{"line":59,"column":3}},"type":"if","locations":[{"start":{"line":57,"column":2},"end":{"line":59,"column":3}},{"start":{},"end":{}}],"line":57},"4":{"loc":{"start":{"line":93,"column":2},"end":{"line":95,"column":3}},"type":"if","locations":[{"start":{"line":93,"column":2},"end":{"line":95,"column":3}},{"start":{},"end":{}}],"line":93}},"s":{"0":4,"1":4,"2":4,"3":4,"4":4,"5":4,"6":4,"7":8,"8":4,"9":8,"10":8,"11":8,"12":1,"13":7,"14":7,"15":7,"16":7,"17":4,"18":3,"19":3,"20":1,"21":2,"22":2,"23":1,"24":1,"25":1,"26":1,"27":4,"28":0,"29":0,"30":0,"31":0,"32":0,"33":0,"34":0,"35":0,"36":0,"37":0,"38":0,"39":0,"40":0,"41":0,"42":0,"43":4,"44":0,"45":0,"46":0,"47":0,"48":0,"49":0,"50":0,"51":0,"52":0,"53":0,"54":4,"55":0,"56":4},"f":{"0":8,"1":8,"2":3,"3":0,"4":0,"5":0},"b":{"0":[1,7],"1":[1,2],"2":[1,1],"3":[0,0],"4":[0,0]},"_coverageSchema":"1a1c01bbd47fc00a2c39e90264f33305004495a9","hash":"c82b4cf203ed10234cf06c6a984665aee7ae3121"}
,"/home/abood/Project/Website_for_Lazward_Dental_Clinic/services/case.service.js": {"path":"/home/abood/Project/Website_for_Lazward_Dental_Clinic/services/case.service.js","statementMap":{"0":{"start":{"line":1,"column":18},"end":{"line":1,"column":54}},"1":{"start":{"line":2,"column":16},"end":{"line":2,"column":50}},"2":{"start":{"line":3,"column":11},"end":{"line":3,"column":24}},"3":{"start":{"line":4,"column":13},"end":{"line":4,"column":28}},"4":{"start":{"line":6,"column":19},"end":{"line":22,"column":1}},"5":{"start":{"line":7,"column":31},"end":{"line":7,"column":39}},"6":{"start":{"line":9,"column":18},"end":{"line":9,"column":51}},"7":{"start":{"line":10,"column":2},"end":{"line":12,"column":3}},"8":{"start":{"line":11,"column":4},"end":{"line":11,"column":41}},"9":{"start":{"line":14,"column":18},"end":{"line":19,"column":4}},"10":{"start":{"line":21,"column":2},"end":{"line":21,"column":17}},"11":{"start":{"line":24,"column":17},"end":{"line":32,"column":1}},"12":{"start":{"line":25,"column":14},"end":{"line":25,"column":16}},"13":{"start":{"line":26,"column":2},"end":{"line":28,"column":3}},"14":{"start":{"line":27,"column":4},"end":{"line":27,"column":30}},"15":{"start":{"line":31,"column":2},"end":{"line":31,"column":132}},"16":{"start":{"line":34,"column":20},"end":{"line":46,"column":1}},"17":{"start":{"line":35,"column":20},"end":{"line":35,"column":136}},"18":{"start":{"line":37,"column":2},"end":{"line":39,"column":3}},"19":{"start":{"line":38,"column":4},"end":{"line":38,"column":38}},"20":{"start":{"line":41,"column":2},"end":{"line":43,"column":3}},"21":{"start":{"line":42,"column":4},"end":{"line":42,"column":56}},"22":{"start":{"line":45,"column":2},"end":{"line":45,"column":19}},"23":{"start":{"line":48,"column":19},"end":{"line":69,"column":1}},"24":{"start":{"line":49,"column":20},"end":{"line":49,"column":48}},"25":{"start":{"line":51,"column":2},"end":{"line":53,"column":3}},"26":{"start":{"line":52,"column":4},"end":{"line":52,"column":38}},"27":{"start":{"line":55,"column":2},"end":{"line":57,"column":3}},"28":{"start":{"line":56,"column":4},"end":{"line":56,"column":58}},"29":{"start":{"line":59,"column":2},"end":{"line":61,"column":3}},"30":{"start":{"line":60,"column":4},"end":{"line":60,"column":71}},"31":{"start":{"line":63,"column":2},"end":{"line":65,"column":3}},"32":{"start":{"line":64,"column":4},"end":{"line":64,"column":33}},"33":{"start":{"line":67,"column":2},"end":{"line":67,"column":25}},"34":{"start":{"line":68,"column":2},"end":{"line":68,"column":19}},"35":{"start":{"line":71,"column":20},"end":{"line":90,"column":1}},"36":{"start":{"line":72,"column":20},"end":{"line":72,"column":48}},"37":{"start":{"line":74,"column":2},"end":{"line":76,"column":3}},"38":{"start":{"line":75,"column":4},"end":{"line":75,"column":38}},"39":{"start":{"line":78,"column":2},"end":{"line":80,"column":3}},"40":{"start":{"line":79,"column":4},"end":{"line":79,"column":68}},"41":{"start":{"line":83,"column":2},"end":{"line":85,"column":3}},"42":{"start":{"line":84,"column":5},"end":{"line":84,"column":79}},"43":{"start":{"line":87,"column":2},"end":{"line":87,"column":36}},"44":{"start":{"line":88,"column":2},"end":{"line":88,"column":25}},"45":{"start":{"line":89,"column":2},"end":{"line":89,"column":19}},"46":{"start":{"line":92,"column":21},"end":{"line":112,"column":1}},"47":{"start":{"line":93,"column":20},"end":{"line":93,"column":48}},"48":{"start":{"line":95,"column":2},"end":{"line":97,"column":3}},"49":{"start":{"line":96,"column":4},"end":{"line":96,"column":38}},"50":{"start":{"line":100,"column":2},"end":{"line":107,"column":3}},"51":{"start":{"line":101,"column":5},"end":{"line":103,"column":6}},"52":{"start":{"line":102,"column":8},"end":{"line":102,"column":66}},"53":{"start":{"line":104,"column":5},"end":{"line":106,"column":6}},"54":{"start":{"line":105,"column":8},"end":{"line":105,"column":53}},"55":{"start":{"line":109,"column":2},"end":{"line":109,"column":28}},"56":{"start":{"line":110,"column":2},"end":{"line":110,"column":25}},"57":{"start":{"line":111,"column":2},"end":{"line":111,"column":19}},"58":{"start":{"line":114,"column":22},"end":{"line":133,"column":1}},"59":{"start":{"line":115,"column":20},"end":{"line":115,"column":48}},"60":{"start":{"line":117,"column":2},"end":{"line":119,"column":3}},"61":{"start":{"line":118,"column":4},"end":{"line":118,"column":38}},"62":{"start":{"line":121,"column":2},"end":{"line":123,"column":3}},"63":{"start":{"line":122,"column":4},"end":{"line":122,"column":59}},"64":{"start":{"line":125,"column":2},"end":{"line":127,"column":3}},"65":{"start":{"line":126,"column":4},"end":{"line":126,"column":52}},"66":{"start":{"line":129,"column":2},"end":{"line":129,"column":32}},"67":{"start":{"line":130,"column":2},"end":{"line":130,"column":42}},"68":{"start":{"line":131,"column":2},"end":{"line":131,"column":25}},"69":{"start":{"line":132,"column":2},"end":{"line":132,"column":19}},"70":{"start":{"line":135,"column":19},"end":{"line":161,"column":1}},"71":{"start":{"line":136,"column":20},"end":{"line":136,"column":48}},"72":{"start":{"line":138,"column":2},"end":{"line":140,"column":3}},"73":{"start":{"line":139,"column":4},"end":{"line":139,"column":38}},"74":{"start":{"line":142,"column":2},"end":{"line":144,"column":3}},"75":{"start":{"line":143,"column":4},"end":{"line":143,"column":58}},"76":{"start":{"line":146,"column":2},"end":{"line":148,"column":3}},"77":{"start":{"line":147,"column":4},"end":{"line":147,"column":61}},"78":{"start":{"line":150,"column":17},"end":{"line":150,"column":41}},"79":{"start":{"line":151,"column":18},"end":{"line":151,"column":72}},"80":{"start":{"line":153,"column":2},"end":{"line":157,"column":5}},"81":{"start":{"line":154,"column":4},"end":{"line":156,"column":5}},"82":{"start":{"line":155,"column":6},"end":{"line":155,"column":57}},"83":{"start":{"line":159,"column":2},"end":{"line":159,"column":30}},"84":{"start":{"line":160,"column":2},"end":{"line":160,"column":14}},"85":{"start":{"line":163,"column":0},"end":{"line":172,"column":2}}},"fnMap":{"0":{"name":"(anonymous_0)","decl":{"start":{"line":6,"column":19},"end":{"line":6,"column":20}},"loc":{"start":{"line":6,"column":49},"end":{"line":22,"column":1}},"line":6},"1":{"name":"(anonymous_1)","decl":{"start":{"line":24,"column":17},"end":{"line":24,"column":18}},"loc":{"start":{"line":24,"column":33},"end":{"line":32,"column":1}},"line":24},"2":{"name":"(anonymous_2)","decl":{"start":{"line":34,"column":20},"end":{"line":34,"column":21}},"loc":{"start":{"line":34,"column":40},"end":{"line":46,"column":1}},"line":34},"3":{"name":"(anonymous_3)","decl":{"start":{"line":48,"column":19},"end":{"line":48,"column":20}},"loc":{"start":{"line":48,"column":45},"end":{"line":69,"column":1}},"line":48},"4":{"name":"(anonymous_4)","decl":{"start":{"line":71,"column":20},"end":{"line":71,"column":21}},"loc":{"start":{"line":71,"column":50},"end":{"line":90,"column":1}},"line":71},"5":{"name":"(anonymous_5)","decl":{"start":{"line":92,"column":21},"end":{"line":92,"column":22}},"loc":{"start":{"line":92,"column":49},"end":{"line":112,"column":1}},"line":92},"6":{"name":"(anonymous_6)","decl":{"start":{"line":114,"column":22},"end":{"line":114,"column":23}},"loc":{"start":{"line":114,"column":42},"end":{"line":133,"column":1}},"line":114},"7":{"name":"(anonymous_7)","decl":{"start":{"line":135,"column":19},"end":{"line":135,"column":20}},"loc":{"start":{"line":135,"column":39},"end":{"line":161,"column":1}},"line":135},"8":{"name":"(anonymous_8)","decl":{"start":{"line":153,"column":51},"end":{"line":153,"column":52}},"loc":{"start":{"line":153,"column":60},"end":{"line":157,"column":3}},"line":153}},"branchMap":{"0":{"loc":{"start":{"line":10,"column":2},"end":{"line":12,"column":3}},"type":"if","locations":[{"start":{"line":10,"column":2},"end":{"line":12,"column":3}},{"start":{},"end":{}}],"line":10},"1":{"loc":{"start":{"line":26,"column":2},"end":{"line":28,"column":3}},"type":"if","locations":[{"start":{"line":26,"column":2},"end":{"line":28,"column":3}},{"start":{},"end":{}}],"line":26},"2":{"loc":{"start":{"line":37,"column":2},"end":{"line":39,"column":3}},"type":"if","locations":[{"start":{"line":37,"column":2},"end":{"line":39,"column":3}},{"start":{},"end":{}}],"line":37},"3":{"loc":{"start":{"line":41,"column":2},"end":{"line":43,"column":3}},"type":"if","locations":[{"start":{"line":41,"column":2},"end":{"line":43,"column":3}},{"start":{},"end":{}}],"line":41},"4":{"loc":{"start":{"line":41,"column":6},"end":{"line":41,"column":89}},"type":"binary-expr","locations":[{"start":{"line":41,"column":6},"end":{"line":41,"column":28}},{"start":{"line":41,"column":32},"end":{"line":41,"column":89}}],"line":41},"5":{"loc":{"start":{"line":51,"column":2},"end":{"line":53,"column":3}},"type":"if","locations":[{"start":{"line":51,"column":2},"end":{"line":53,"column":3}},{"start":{},"end":{}}],"line":51},"6":{"loc":{"start":{"line":55,"column":2},"end":{"line":57,"column":3}},"type":"if","locations":[{"start":{"line":55,"column":2},"end":{"line":57,"column":3}},{"start":{},"end":{}}],"line":55},"7":{"loc":{"start":{"line":55,"column":6},"end":{"line":55,"column":85}},"type":"binary-expr","locations":[{"start":{"line":55,"column":6},"end":{"line":55,"column":28}},{"start":{"line":55,"column":32},"end":{"line":55,"column":85}}],"line":55},"8":{"loc":{"start":{"line":59,"column":2},"end":{"line":61,"column":3}},"type":"if","locations":[{"start":{"line":59,"column":2},"end":{"line":61,"column":3}},{"start":{},"end":{}}],"line":59},"9":{"loc":{"start":{"line":59,"column":6},"end":{"line":59,"column":60}},"type":"binary-expr","locations":[{"start":{"line":59,"column":6},"end":{"line":59,"column":28}},{"start":{"line":59,"column":32},"end":{"line":59,"column":60}}],"line":59},"10":{"loc":{"start":{"line":63,"column":2},"end":{"line":65,"column":3}},"type":"if","locations":[{"start":{"line":63,"column":2},"end":{"line":65,"column":3}},{"start":{},"end":{}}],"line":63},"11":{"loc":{"start":{"line":74,"column":2},"end":{"line":76,"column":3}},"type":"if","locations":[{"start":{"line":74,"column":2},"end":{"line":76,"column":3}},{"start":{},"end":{}}],"line":74},"12":{"loc":{"start":{"line":78,"column":2},"end":{"line":80,"column":3}},"type":"if","locations":[{"start":{"line":78,"column":2},"end":{"line":80,"column":3}},{"start":{},"end":{}}],"line":78},"13":{"loc":{"start":{"line":78,"column":6},"end":{"line":78,"column":85}},"type":"binary-expr","locations":[{"start":{"line":78,"column":6},"end":{"line":78,"column":28}},{"start":{"line":78,"column":32},"end":{"line":78,"column":85}}],"line":78},"14":{"loc":{"start":{"line":83,"column":2},"end":{"line":85,"column":3}},"type":"if","locations":[{"start":{"line":83,"column":2},"end":{"line":85,"column":3}},{"start":{},"end":{}}],"line":83},"15":{"loc":{"start":{"line":83,"column":6},"end":{"line":83,"column":60}},"type":"binary-expr","locations":[{"start":{"line":83,"column":6},"end":{"line":83,"column":28}},{"start":{"line":83,"column":32},"end":{"line":83,"column":60}}],"line":83},"16":{"loc":{"start":{"line":95,"column":2},"end":{"line":97,"column":3}},"type":"if","locations":[{"start":{"line":95,"column":2},"end":{"line":97,"column":3}},{"start":{},"end":{}}],"line":95},"17":{"loc":{"start":{"line":100,"column":2},"end":{"line":107,"column":3}},"type":"if","locations":[{"start":{"line":100,"column":2},"end":{"line":107,"column":3}},{"start":{},"end":{}}],"line":100},"18":{"loc":{"start":{"line":101,"column":5},"end":{"line":103,"column":6}},"type":"if","locations":[{"start":{"line":101,"column":5},"end":{"line":103,"column":6}},{"start":{},"end":{}}],"line":101},"19":{"loc":{"start":{"line":104,"column":5},"end":{"line":106,"column":6}},"type":"if","locations":[{"start":{"line":104,"column":5},"end":{"line":106,"column":6}},{"start":{},"end":{}}],"line":104},"20":{"loc":{"start":{"line":117,"column":2},"end":{"line":119,"column":3}},"type":"if","locations":[{"start":{"line":117,"column":2},"end":{"line":119,"column":3}},{"start":{},"end":{}}],"line":117},"21":{"loc":{"start":{"line":121,"column":2},"end":{"line":123,"column":3}},"type":"if","locations":[{"start":{"line":121,"column":2},"end":{"line":123,"column":3}},{"start":{},"end":{}}],"line":121},"22":{"loc":{"start":{"line":125,"column":2},"end":{"line":127,"column":3}},"type":"if","locations":[{"start":{"line":125,"column":2},"end":{"line":127,"column":3}},{"start":{},"end":{}}],"line":125},"23":{"loc":{"start":{"line":138,"column":2},"end":{"line":140,"column":3}},"type":"if","locations":[{"start":{"line":138,"column":2},"end":{"line":140,"column":3}},{"start":{},"end":{}}],"line":138},"24":{"loc":{"start":{"line":142,"column":2},"end":{"line":144,"column":3}},"type":"if","locations":[{"start":{"line":142,"column":2},"end":{"line":144,"column":3}},{"start":{},"end":{}}],"line":142},"25":{"loc":{"start":{"line":142,"column":6},"end":{"line":142,"column":85}},"type":"binary-expr","locations":[{"start":{"line":142,"column":6},"end":{"line":142,"column":28}},{"start":{"line":142,"column":32},"end":{"line":142,"column":85}}],"line":142},"26":{"loc":{"start":{"line":146,"column":2},"end":{"line":148,"column":3}},"type":"if","locations":[{"start":{"line":146,"column":2},"end":{"line":148,"column":3}},{"start":{},"end":{}}],"line":146},"27":{"loc":{"start":{"line":154,"column":4},"end":{"line":156,"column":5}},"type":"if","locations":[{"start":{"line":154,"column":4},"end":{"line":156,"column":5}},{"start":{},"end":{}}],"line":154}},"s":{"0":3,"1":3,"2":3,"3":3,"4":3,"5":0,"6":0,"7":0,"8":0,"9":0,"10":0,"11":3,"12":0,"13":0,"14":0,"15":0,"16":3,"17":0,"18":0,"19":0,"20":0,"21":0,"22":0,"23":3,"24":0,"25":0,"26":0,"27":0,"28":0,"29":0,"30":0,"31":0,"32":0,"33":0,"34":0,"35":3,"36":0,"37":0,"38":0,"39":0,"40":0,"41":0,"42":0,"43":0,"44":0,"45":0,"46":3,"47":0,"48":0,"49":0,"50":0,"51":0,"52":0,"53":0,"54":0,"55":0,"56":0,"57":0,"58":3,"59":0,"60":0,"61":0,"62":0,"63":0,"64":0,"65":0,"66":0,"67":0,"68":0,"69":0,"70":3,"71":0,"72":0,"73":0,"74":0,"75":0,"76":0,"77":0,"78":0,"79":0,"80":0,"81":0,"82":0,"83":0,"84":0,"85":3},"f":{"0":0,"1":0,"2":0,"3":0,"4":0,"5":0,"6":0,"7":0,"8":0},"b":{"0":[0,0],"1":[0,0],"2":[0,0],"3":[0,0],"4":[0,0],"5":[0,0],"6":[0,0],"7":[0,0],"8":[0,0],"9":[0,0],"10":[0,0],"11":[0,0],"12":[0,0],"13":[0,0],"14":[0,0],"15":[0,0],"16":[0,0],"17":[0,0],"18":[0,0],"19":[0,0],"20":[0,0],"21":[0,0],"22":[0,0],"23":[0,0],"24":[0,0],"25":[0,0],"26":[0,0],"27":[0,0]},"_coverageSchema":"1a1c01bbd47fc00a2c39e90264f33305004495a9","hash":"e9dd212edef94c2b23cc878bfdff48fdda3dc09d"}
,"/home/abood/Project/Website_for_Lazward_Dental_Clinic/services/content.service.js": {"path":"/home/abood/Project/Website_for_Lazward_Dental_Clinic/services/content.service.js","statementMap":{"0":{"start":{"line":1,"column":17},"end":{"line":1,"column":52}},"1":{"start":{"line":2,"column":12},"end":{"line":2,"column":42}},"2":{"start":{"line":5,"column":26},"end":{"line":7,"column":1}},"3":{"start":{"line":6,"column":2},"end":{"line":6,"column":78}},"4":{"start":{"line":9,"column":22},"end":{"line":13,"column":1}},"5":{"start":{"line":10,"column":15},"end":{"line":10,"column":47}},"6":{"start":{"line":11,"column":2},"end":{"line":11,"column":47}},"7":{"start":{"line":11,"column":13},"end":{"line":11,"column":47}},"8":{"start":{"line":12,"column":2},"end":{"line":12,"column":14}},"9":{"start":{"line":15,"column":19},"end":{"line":20,"column":1}},"10":{"start":{"line":16,"column":2},"end":{"line":18,"column":3}},"11":{"start":{"line":17,"column":4},"end":{"line":17,"column":38}},"12":{"start":{"line":19,"column":2},"end":{"line":19,"column":41}},"13":{"start":{"line":22,"column":19},"end":{"line":29,"column":1}},"14":{"start":{"line":23,"column":2},"end":{"line":25,"column":3}},"15":{"start":{"line":24,"column":4},"end":{"line":24,"column":38}},"16":{"start":{"line":26,"column":15},"end":{"line":26,"column":76}},"17":{"start":{"line":27,"column":2},"end":{"line":27,"column":47}},"18":{"start":{"line":27,"column":13},"end":{"line":27,"column":47}},"19":{"start":{"line":28,"column":2},"end":{"line":28,"column":14}},"20":{"start":{"line":31,"column":19},"end":{"line":35,"column":1}},"21":{"start":{"line":32,"column":15},"end":{"line":32,"column":51}},"22":{"start":{"line":33,"column":2},"end":{"line":33,"column":47}},"23":{"start":{"line":33,"column":13},"end":{"line":33,"column":47}},"24":{"start":{"line":34,"column":2},"end":{"line":34,"column":14}},"25":{"start":{"line":38,"column":19},"end":{"line":40,"column":1}},"26":{"start":{"line":39,"column":2},"end":{"line":39,"column":45}},"27":{"start":{"line":42,"column":18},"end":{"line":44,"column":1}},"28":{"start":{"line":43,"column":2},"end":{"line":43,"column":35}},"29":{"start":{"line":46,"column":18},"end":{"line":50,"column":1}},"30":{"start":{"line":47,"column":14},"end":{"line":47,"column":69}},"31":{"start":{"line":48,"column":2},"end":{"line":48,"column":45}},"32":{"start":{"line":48,"column":12},"end":{"line":48,"column":45}},"33":{"start":{"line":49,"column":2},"end":{"line":49,"column":13}},"34":{"start":{"line":52,"column":18},"end":{"line":56,"column":1}},"35":{"start":{"line":53,"column":14},"end":{"line":53,"column":45}},"36":{"start":{"line":54,"column":2},"end":{"line":54,"column":45}},"37":{"start":{"line":54,"column":12},"end":{"line":54,"column":45}},"38":{"start":{"line":55,"column":2},"end":{"line":55,"column":14}},"39":{"start":{"line":58,"column":0},"end":{"line":68,"column":2}}},"fnMap":{"0":{"name":"(anonymous_0)","decl":{"start":{"line":5,"column":26},"end":{"line":5,"column":27}},"loc":{"start":{"line":5,"column":38},"end":{"line":7,"column":1}},"line":5},"1":{"name":"(anonymous_1)","decl":{"start":{"line":9,"column":22},"end":{"line":9,"column":23}},"loc":{"start":{"line":9,"column":38},"end":{"line":13,"column":1}},"line":9},"2":{"name":"(anonymous_2)","decl":{"start":{"line":15,"column":19},"end":{"line":15,"column":20}},"loc":{"start":{"line":15,"column":39},"end":{"line":20,"column":1}},"line":15},"3":{"name":"(anonymous_3)","decl":{"start":{"line":22,"column":19},"end":{"line":22,"column":20}},"loc":{"start":{"line":22,"column":43},"end":{"line":29,"column":1}},"line":22},"4":{"name":"(anonymous_4)","decl":{"start":{"line":31,"column":19},"end":{"line":31,"column":20}},"loc":{"start":{"line":31,"column":33},"end":{"line":35,"column":1}},"line":31},"5":{"name":"(anonymous_5)","decl":{"start":{"line":38,"column":19},"end":{"line":38,"column":20}},"loc":{"start":{"line":38,"column":31},"end":{"line":40,"column":1}},"line":38},"6":{"name":"(anonymous_6)","decl":{"start":{"line":42,"column":18},"end":{"line":42,"column":19}},"loc":{"start":{"line":42,"column":37},"end":{"line":44,"column":1}},"line":42},"7":{"name":"(anonymous_7)","decl":{"start":{"line":46,"column":18},"end":{"line":46,"column":19}},"loc":{"start":{"line":46,"column":41},"end":{"line":50,"column":1}},"line":46},"8":{"name":"(anonymous_8)","decl":{"start":{"line":52,"column":18},"end":{"line":52,"column":19}},"loc":{"start":{"line":52,"column":32},"end":{"line":56,"column":1}},"line":52}},"branchMap":{"0":{"loc":{"start":{"line":11,"column":2},"end":{"line":11,"column":47}},"type":"if","locations":[{"start":{"line":11,"column":2},"end":{"line":11,"column":47}},{"start":{},"end":{}}],"line":11},"1":{"loc":{"start":{"line":16,"column":2},"end":{"line":18,"column":3}},"type":"if","locations":[{"start":{"line":16,"column":2},"end":{"line":18,"column":3}},{"start":{},"end":{}}],"line":16},"2":{"loc":{"start":{"line":16,"column":6},"end":{"line":16,"column":51}},"type":"binary-expr","locations":[{"start":{"line":16,"column":6},"end":{"line":16,"column":26}},{"start":{"line":16,"column":30},"end":{"line":16,"column":51}}],"line":16},"3":{"loc":{"start":{"line":23,"column":2},"end":{"line":25,"column":3}},"type":"if","locations":[{"start":{"line":23,"column":2},"end":{"line":25,"column":3}},{"start":{},"end":{}}],"line":23},"4":{"loc":{"start":{"line":23,"column":6},"end":{"line":23,"column":51}},"type":"binary-expr","locations":[{"start":{"line":23,"column":6},"end":{"line":23,"column":26}},{"start":{"line":23,"column":30},"end":{"line":23,"column":51}}],"line":23},"5":{"loc":{"start":{"line":27,"column":2},"end":{"line":27,"column":47}},"type":"if","locations":[{"start":{"line":27,"column":2},"end":{"line":27,"column":47}},{"start":{},"end":{}}],"line":27},"6":{"loc":{"start":{"line":33,"column":2},"end":{"line":33,"column":47}},"type":"if","locations":[{"start":{"line":33,"column":2},"end":{"line":33,"column":47}},{"start":{},"end":{}}],"line":33},"7":{"loc":{"start":{"line":48,"column":2},"end":{"line":48,"column":45}},"type":"if","locations":[{"start":{"line":48,"column":2},"end":{"line":48,"column":45}},{"start":{},"end":{}}],"line":48},"8":{"loc":{"start":{"line":54,"column":2},"end":{"line":54,"column":45}},"type":"if","locations":[{"start":{"line":54,"column":2},"end":{"line":54,"column":45}},{"start":{},"end":{}}],"line":54}},"s":{"0":3,"1":3,"2":3,"3":1,"4":3,"5":0,"6":0,"7":0,"8":0,"9":3,"10":0,"11":0,"12":0,"13":3,"14":0,"15":0,"16":0,"17":0,"18":0,"19":0,"20":3,"21":0,"22":0,"23":0,"24":0,"25":3,"26":1,"27":3,"28":0,"29":3,"30":0,"31":0,"32":0,"33":0,"34":3,"35":0,"36":0,"37":0,"38":0,"39":3},"f":{"0":1,"1":0,"2":0,"3":0,"4":0,"5":1,"6":0,"7":0,"8":0},"b":{"0":[0,0],"1":[0,0],"2":[0,0],"3":[0,0],"4":[0,0],"5":[0,0],"6":[0,0],"7":[0,0],"8":[0,0]},"_coverageSchema":"1a1c01bbd47fc00a2c39e90264f33305004495a9","hash":"23f83965972901bb3a8f8bedd36607b0f1ad7d52"}
,"/home/abood/Project/Website_for_Lazward_Dental_Clinic/services/lead.service.js": {"path":"/home/abood/Project/Website_for_Lazward_Dental_Clinic/services/lead.service.js","statementMap":{"0":{"start":{"line":1,"column":13},"end":{"line":1,"column":44}},"1":{"start":{"line":2,"column":21},"end":{"line":2,"column":54}},"2":{"start":{"line":4,"column":19},"end":{"line":35,"column":1}},"3":{"start":{"line":5,"column":15},"end":{"line":5,"column":42}},"4":{"start":{"line":7,"column":2},"end":{"line":32,"column":3}},"5":{"start":{"line":8,"column":23},"end":{"line":8,"column":46}},"6":{"start":{"line":9,"column":4},"end":{"line":29,"column":5}},"7":{"start":{"line":10,"column":19},"end":{"line":15,"column":35}},"8":{"start":{"line":17,"column":19},"end":{"line":26,"column":7}},"9":{"start":{"line":28,"column":6},"end":{"line":28,"column":87}},"10":{"start":{"line":31,"column":4},"end":{"line":31,"column":68}},"11":{"start":{"line":34,"column":2},"end":{"line":34,"column":14}},"12":{"start":{"line":37,"column":17},"end":{"line":39,"column":1}},"13":{"start":{"line":38,"column":2},"end":{"line":38,"column":57}},"14":{"start":{"line":41,"column":25},"end":{"line":47,"column":1}},"15":{"start":{"line":42,"column":15},"end":{"line":42,"column":77}},"16":{"start":{"line":43,"column":2},"end":{"line":45,"column":3}},"17":{"start":{"line":44,"column":4},"end":{"line":44,"column":38}},"18":{"start":{"line":46,"column":2},"end":{"line":46,"column":14}},"19":{"start":{"line":49,"column":0},"end":{"line":53,"column":2}}},"fnMap":{"0":{"name":"(anonymous_0)","decl":{"start":{"line":4,"column":19},"end":{"line":4,"column":20}},"loc":{"start":{"line":4,"column":39},"end":{"line":35,"column":1}},"line":4},"1":{"name":"(anonymous_1)","decl":{"start":{"line":37,"column":17},"end":{"line":37,"column":18}},"loc":{"start":{"line":37,"column":40},"end":{"line":39,"column":1}},"line":37},"2":{"name":"(anonymous_2)","decl":{"start":{"line":41,"column":25},"end":{"line":41,"column":26}},"loc":{"start":{"line":41,"column":50},"end":{"line":47,"column":1}},"line":41}},"branchMap":{"0":{"loc":{"start":{"line":9,"column":4},"end":{"line":29,"column":5}},"type":"if","locations":[{"start":{"line":9,"column":4},"end":{"line":29,"column":5}},{"start":{},"end":{}}],"line":9},"1":{"loc":{"start":{"line":13,"column":10},"end":{"line":13,"column":27}},"type":"binary-expr","locations":[{"start":{"line":13,"column":10},"end":{"line":13,"column":20}},{"start":{"line":13,"column":24},"end":{"line":13,"column":27}}],"line":13},"2":{"loc":{"start":{"line":14,"column":11},"end":{"line":14,"column":33}},"type":"binary-expr","locations":[{"start":{"line":14,"column":11},"end":{"line":14,"column":26}},{"start":{"line":14,"column":30},"end":{"line":14,"column":33}}],"line":14},"3":{"loc":{"start":{"line":15,"column":9},"end":{"line":15,"column":33}},"type":"binary-expr","locations":[{"start":{"line":15,"column":9},"end":{"line":15,"column":26}},{"start":{"line":15,"column":30},"end":{"line":15,"column":33}}],"line":15},"4":{"loc":{"start":{"line":22,"column":41},"end":{"line":22,"column":58}},"type":"binary-expr","locations":[{"start":{"line":22,"column":41},"end":{"line":22,"column":51}},{"start":{"line":22,"column":55},"end":{"line":22,"column":58}}],"line":22},"5":{"loc":{"start":{"line":23,"column":42},"end":{"line":23,"column":64}},"type":"binary-expr","locations":[{"start":{"line":23,"column":42},"end":{"line":23,"column":57}},{"start":{"line":23,"column":61},"end":{"line":23,"column":64}}],"line":23},"6":{"loc":{"start":{"line":24,"column":40},"end":{"line":24,"column":64}},"type":"binary-expr","locations":[{"start":{"line":24,"column":40},"end":{"line":24,"column":57}},{"start":{"line":24,"column":61},"end":{"line":24,"column":64}}],"line":24},"7":{"loc":{"start":{"line":37,"column":24},"end":{"line":37,"column":35}},"type":"default-arg","locations":[{"start":{"line":37,"column":33},"end":{"line":37,"column":35}}],"line":37},"8":{"loc":{"start":{"line":43,"column":2},"end":{"line":45,"column":3}},"type":"if","locations":[{"start":{"line":43,"column":2},"end":{"line":45,"column":3}},{"start":{},"end":{}}],"line":43}},"s":{"0":4,"1":4,"2":4,"3":5,"4":5,"5":5,"6":5,"7":3,"8":3,"9":3,"10":1,"11":5,"12":4,"13":1,"14":4,"15":2,"16":2,"17":1,"18":1,"19":4},"f":{"0":5,"1":1,"2":2},"b":{"0":[3,2],"1":[3,0],"2":[3,0],"3":[3,0],"4":[3,0],"5":[3,0],"6":[3,0],"7":[1],"8":[1,1]},"_coverageSchema":"1a1c01bbd47fc00a2c39e90264f33305004495a9","hash":"ed4dcf3b09129d786fff64406ac5d39384f0a55f"}
,"/home/abood/Project/Website_for_Lazward_Dental_Clinic/services/product.service.js": {"path":"/home/abood/Project/Website_for_Lazward_Dental_Clinic/services/product.service.js","statementMap":{"0":{"start":{"line":1,"column":16},"end":{"line":1,"column":50}},"1":{"start":{"line":3,"column":21},"end":{"line":5,"column":1}},"2":{"start":{"line":4,"column":2},"end":{"line":4,"column":48}},"3":{"start":{"line":7,"column":16},"end":{"line":13,"column":1}},"4":{"start":{"line":8,"column":18},"end":{"line":8,"column":44}},"5":{"start":{"line":9,"column":2},"end":{"line":11,"column":3}},"6":{"start":{"line":10,"column":4},"end":{"line":10,"column":41}},"7":{"start":{"line":12,"column":2},"end":{"line":12,"column":17}},"8":{"start":{"line":15,"column":15},"end":{"line":17,"column":1}},"9":{"start":{"line":16,"column":2},"end":{"line":16,"column":43}},"10":{"start":{"line":19,"column":15},"end":{"line":25,"column":1}},"11":{"start":{"line":20,"column":18},"end":{"line":20,"column":102}},"12":{"start":{"line":21,"column":2},"end":{"line":23,"column":3}},"13":{"start":{"line":22,"column":4},"end":{"line":22,"column":41}},"14":{"start":{"line":24,"column":2},"end":{"line":24,"column":17}},"15":{"start":{"line":27,"column":19},"end":{"line":33,"column":1}},"16":{"start":{"line":28,"column":18},"end":{"line":28,"column":89}},"17":{"start":{"line":29,"column":2},"end":{"line":31,"column":3}},"18":{"start":{"line":30,"column":4},"end":{"line":30,"column":41}},"19":{"start":{"line":32,"column":2},"end":{"line":32,"column":17}},"20":{"start":{"line":35,"column":0},"end":{"line":41,"column":2}}},"fnMap":{"0":{"name":"(anonymous_0)","decl":{"start":{"line":3,"column":21},"end":{"line":3,"column":22}},"loc":{"start":{"line":3,"column":33},"end":{"line":5,"column":1}},"line":3},"1":{"name":"(anonymous_1)","decl":{"start":{"line":7,"column":16},"end":{"line":7,"column":17}},"loc":{"start":{"line":7,"column":30},"end":{"line":13,"column":1}},"line":7},"2":{"name":"(anonymous_2)","decl":{"start":{"line":15,"column":15},"end":{"line":15,"column":16}},"loc":{"start":{"line":15,"column":38},"end":{"line":17,"column":1}},"line":15},"3":{"name":"(anonymous_3)","decl":{"start":{"line":19,"column":15},"end":{"line":19,"column":16}},"loc":{"start":{"line":19,"column":42},"end":{"line":25,"column":1}},"line":19},"4":{"name":"(anonymous_4)","decl":{"start":{"line":27,"column":19},"end":{"line":27,"column":20}},"loc":{"start":{"line":27,"column":33},"end":{"line":33,"column":1}},"line":27}},"branchMap":{"0":{"loc":{"start":{"line":9,"column":2},"end":{"line":11,"column":3}},"type":"if","locations":[{"start":{"line":9,"column":2},"end":{"line":11,"column":3}},{"start":{},"end":{}}],"line":9},"1":{"loc":{"start":{"line":21,"column":2},"end":{"line":23,"column":3}},"type":"if","locations":[{"start":{"line":21,"column":2},"end":{"line":23,"column":3}},{"start":{},"end":{}}],"line":21},"2":{"loc":{"start":{"line":29,"column":2},"end":{"line":31,"column":3}},"type":"if","locations":[{"start":{"line":29,"column":2},"end":{"line":31,"column":3}},{"start":{},"end":{}}],"line":29}},"s":{"0":3,"1":3,"2":0,"3":3,"4":0,"5":0,"6":0,"7":0,"8":3,"9":0,"10":3,"11":0,"12":0,"13":0,"14":0,"15":3,"16":0,"17":0,"18":0,"19":0,"20":3},"f":{"0":0,"1":0,"2":0,"3":0,"4":0},"b":{"0":[0,0],"1":[0,0],"2":[0,0]},"_coverageSchema":"1a1c01bbd47fc00a2c39e90264f33305004495a9","hash":"6e67fb1c478ef54de30ea26f27aa9b0a8a79272d"}
,"/home/abood/Project/Website_for_Lazward_Dental_Clinic/services/stats.service.js": {"path":"/home/abood/Project/Website_for_Lazward_Dental_Clinic/services/stats.service.js","statementMap":{"0":{"start":{"line":1,"column":18},"end":{"line":1,"column":54}},"1":{"start":{"line":6,"column":17},"end":{"line":30,"column":1}},"2":{"start":{"line":7,"column":25},"end":{"line":7,"column":80}},"3":{"start":{"line":10,"column":22},"end":{"line":14,"column":3}},"4":{"start":{"line":11,"column":4},"end":{"line":11,"column":61}},"5":{"start":{"line":11,"column":22},"end":{"line":11,"column":61}},"6":{"start":{"line":12,"column":4},"end":{"line":12,"column":55}},"7":{"start":{"line":12,"column":19},"end":{"line":12,"column":55}},"8":{"start":{"line":13,"column":4},"end":{"line":13,"column":33}},"9":{"start":{"line":17,"column":22},"end":{"line":17,"column":41}},"10":{"start":{"line":18,"column":25},"end":{"line":20,"column":23}},"11":{"start":{"line":23,"column":26},"end":{"line":23,"column":32}},"12":{"start":{"line":25,"column":2},"end":{"line":29,"column":4}},"13":{"start":{"line":32,"column":0},"end":{"line":32,"column":30}}},"fnMap":{"0":{"name":"(anonymous_0)","decl":{"start":{"line":6,"column":17},"end":{"line":6,"column":18}},"loc":{"start":{"line":6,"column":29},"end":{"line":30,"column":1}},"line":6},"1":{"name":"(anonymous_1)","decl":{"start":{"line":10,"column":22},"end":{"line":10,"column":23}},"loc":{"start":{"line":10,"column":29},"end":{"line":14,"column":3}},"line":10}},"branchMap":{"0":{"loc":{"start":{"line":11,"column":4},"end":{"line":11,"column":61}},"type":"if","locations":[{"start":{"line":11,"column":4},"end":{"line":11,"column":61}},{"start":{},"end":{}}],"line":11},"1":{"loc":{"start":{"line":12,"column":4},"end":{"line":12,"column":55}},"type":"if","locations":[{"start":{"line":12,"column":4},"end":{"line":12,"column":55}},{"start":{},"end":{}}],"line":12},"2":{"loc":{"start":{"line":13,"column":11},"end":{"line":13,"column":32}},"type":"cond-expr","locations":[{"start":{"line":13,"column":19},"end":{"line":13,"column":26}},{"start":{"line":13,"column":29},"end":{"line":13,"column":32}}],"line":13},"3":{"loc":{"start":{"line":18,"column":25},"end":{"line":20,"column":23}},"type":"cond-expr","locations":[{"start":{"line":19,"column":6},"end":{"line":19,"column":45}},{"start":{"line":20,"column":6},"end":{"line":20,"column":23}}],"line":18},"4":{"loc":{"start":{"line":26,"column":21},"end":{"line":26,"column":96}},"type":"cond-expr","locations":[{"start":{"line":26,"column":59},"end":{"line":26,"column":66}},{"start":{"line":26,"column":69},"end":{"line":26,"column":96}}],"line":26},"5":{"loc":{"start":{"line":27,"column":17},"end":{"line":27,"column":66}},"type":"cond-expr","locations":[{"start":{"line":27,"column":43},"end":{"line":27,"column":49}},{"start":{"line":27,"column":52},"end":{"line":27,"column":66}}],"line":27}},"s":{"0":3,"1":3,"2":0,"3":0,"4":0,"5":0,"6":0,"7":0,"8":0,"9":0,"10":0,"11":0,"12":0,"13":3},"f":{"0":0,"1":0},"b":{"0":[0,0],"1":[0,0],"2":[0,0],"3":[0,0],"4":[0,0],"5":[0,0]},"_coverageSchema":"1a1c01bbd47fc00a2c39e90264f33305004495a9","hash":"7f707c86c58011f13dbe7a7fb59cf4d711d13db6"}
}
